JvmtiExport can_access_local_variables 0
JvmtiExport can_hotswap_or_post_breakpoint 0
JvmtiExport can_post_on_exceptions 0
# 290 ciObject found
ciMethod java/lang/Object <init> ()V 4097 1 116063 0 0
ciMethod java/lang/Object hashCode ()I 2049 1 256 0 -1
ciMethod java/lang/Object equals (Ljava/lang/Object;)Z 3249 1 2027 0 -1
ciMethod java/lang/String <init> ([CII)V 4097 1 5735 0 -1
ciMethod java/lang/String length ()I 4097 1 21212 0 0
ciMethod java/lang/String charAt (I)C 4097 1 189063 0 160
ciMethod java/lang/String codePointAt (I)I 1 1 455 0 -1
ciMethod java/lang/String equals (Ljava/lang/Object;)Z 2577 32769 5565 0 -1
ciMethod java/lang/String compareToIgnoreCase (Ljava/lang/String;)I 2049 1 5388 0 0
ciMethod java/lang/String startsWith (Ljava/lang/String;)Z 3121 1 6370 0 -1
ciMethod java/lang/String hashCode ()I 2889 32769 2721 0 320
ciMethod java/lang/String indexOf (I)I 3249 1 4769 0 0
ciMethod java/lang/String indexOf (II)I 1689 73729 888 0 352
ciMethod java/lang/String indexOfSupplementary (II)I 0 0 1 0 -1
ciMethod java/lang/String substring (I)Ljava/lang/String; 3089 1 816 0 -1
ciMethod java/lang/String toLowerCase (Ljava/util/Locale;)Ljava/lang/String; 1417 24577 883 0 -1
ciMethod java/lang/String valueOf (Ljava/lang/Object;)Ljava/lang/String; 433 1 77 0 -1
ciMethod java/lang/System getSecurityManager ()Ljava/lang/SecurityManager; 2121 1 81721 0 0
ciMethod java/lang/System currentTimeMillis ()J 2049 1 256 0 -1
ciMethod java/lang/System arraycopy (Ljava/lang/Object;ILjava/lang/Object;II)V 15361 1 1920 0 -1
ciMethod java/lang/SecurityManager checkRead (Ljava/lang/String;)V 0 0 1 0 -1
ciMethod java/util/Map isEmpty ()Z 0 0 1 0 -1
ciMethod java/util/Map containsKey (Ljava/lang/Object;)Z 0 0 1 0 -1
ciMethod java/util/Map get (Ljava/lang/Object;)Ljava/lang/Object; 0 0 1 0 -1
ciMethod java/util/Map put (Ljava/lang/Object;Ljava/lang/Object;)Ljava/lang/Object; 0 0 1 0 -1
ciMethod java/util/Map remove (Ljava/lang/Object;)Ljava/lang/Object; 0 0 1 0 -1
ciMethod java/util/Map keySet ()Ljava/util/Set; 0 0 1 0 -1
ciMethod java/lang/AbstractStringBuilder <init> (I)V 2393 1 4378 0 -1
ciMethod java/lang/AbstractStringBuilder append (Ljava/lang/String;)Ljava/lang/AbstractStringBuilder; 4097 1 5698 0 -1
ciMethod java/lang/StringBuilder <init> ()V 2385 1 2976 0 0
ciMethod java/lang/StringBuilder append (Ljava/lang/Object;)Ljava/lang/StringBuilder; 433 1 71 0 0
ciMethod java/lang/StringBuilder append (Ljava/lang/String;)Ljava/lang/StringBuilder; 4097 1 5905 0 928
ciMethod java/lang/StringBuilder toString ()Ljava/lang/String; 2385 1 3544 0 0
ciMethod java/io/File isInvalid ()Z 2049 1 5422 0 352
ciMethod java/io/File getPath ()Ljava/lang/String; 2121 1 265 0 0
ciMethod java/io/File getAbsolutePath ()Ljava/lang/String; 945 1 118 0 -1
ciMethod java/io/File exists ()Z 2049 1 5379 0 -1
ciMethod java/io/File isDirectory ()Z 2049 1 10496 0 -1
ciMethod java/io/File lastModified ()J 2049 1 30098 0 448
ciMethod java/io/File length ()J 2049 1 30100 0 448
ciMethod java/io/File listFiles ()[Ljava/io/File; 2049 4113 5382 0 -1
ciMethod java/io/File compareTo (Ljava/io/File;)I 2049 1 5388 0 0
ciMethod java/io/File equals (Ljava/lang/Object;)Z 2049 1 5388 0 832
ciMethod java/io/File hashCode ()I 2105 1 5383 0 384
ciMethod java/lang/Character charCount (I)I 57 1 552 0 -1
ciMethod java/lang/Character toChars (I[CI)I 0 0 1 0 -1
ciMethod java/lang/Character toChars (I)[C 0 0 1 0 -1
ciMethod java/lang/Character toLowerCase (C)C 2073 1 1894 0 -1
ciMethod java/lang/Character toLowerCase (I)I 4097 1 39763 0 -1
ciMethod java/lang/Character toUpperCase (C)C 4097 1 2509 0 -1
ciMethod java/util/Comparator compare (Ljava/lang/Object;Ljava/lang/Object;)I 0 0 1 0 -1
ciMethod java/lang/String$CaseInsensitiveComparator compare (Ljava/lang/String;Ljava/lang/String;)I 881 73937 672 0 768
ciMethod java/lang/String$CaseInsensitiveComparator compare (Ljava/lang/Object;Ljava/lang/Object;)I 2049 1 5388 0 0
ciMethod java/util/List iterator ()Ljava/util/Iterator; 0 0 1 0 -1
ciMethod java/util/AbstractCollection <init> ()V 2113 1 26865 0 0
ciMethod java/util/Set iterator ()Ljava/util/Iterator; 0 0 1 0 -1
ciMethod java/util/Set remove (Ljava/lang/Object;)Z 0 0 1 0 -1
ciMethod java/util/AbstractSet <init> ()V 1217 1 25214 0 0
ciMethod java/util/HashMap hash (Ljava/lang/Object;)I 3097 1 35615 0 160
ciMethod java/util/HashMap <init> (Ljava/util/Map;)V 2049 1 15070 0 -1
ciMethod java/util/HashMap isEmpty ()Z 137 1 17 0 0
ciMethod java/util/HashMap getNode (ILjava/lang/Object;)Ljava/util/HashMap$Node; 2113 89 6610 0 544
ciMethod java/util/HashMap containsKey (Ljava/lang/Object;)Z 2073 1 5382 0 576
ciMethod java/util/HashMap put (Ljava/lang/Object;Ljava/lang/Object;)Ljava/lang/Object; 2049 1 5398 0 1824
ciMethod java/util/HashMap putVal (ILjava/lang/Object;Ljava/lang/Object;ZZ)Ljava/lang/Object; 2041 209 5390 0 -1
ciMethod java/util/HashMap remove (Ljava/lang/Object;)Ljava/lang/Object; 9 1 1 0 0
ciMethod java/util/HashMap removeNode (ILjava/lang/Object;Ljava/lang/Object;ZZ)Ljava/util/HashMap$Node; 0 0 1 0 -1
ciMethod java/util/HashMap entrySet ()Ljava/util/Set; 2049 1 17504 0 -1
ciMethod java/util/Map$Entry getKey ()Ljava/lang/Object; 0 0 1 0 -1
ciMethod java/util/Map$Entry getValue ()Ljava/lang/Object; 0 0 1 0 -1
ciMethod java/util/HashMap$Node getKey ()Ljava/lang/Object; 1025 1 128 0 0
ciMethod java/util/HashMap$Node getValue ()Ljava/lang/Object; 1073 1 134 0 0
ciMethod java/lang/Math min (II)I 4097 1 22380 0 -1
ciMethod java/util/Iterator hasNext ()Z 0 0 1 0 -1
ciMethod java/util/Iterator next ()Ljava/lang/Object; 0 0 1 0 -1
ciMethod java/io/WinNTFileSystem getLastModifiedTime (Ljava/io/File;)J 2049 1 256 0 -1
ciMethod java/io/WinNTFileSystem getLength (Ljava/io/File;)J 2049 1 256 0 -1
ciMethod java/io/WinNTFileSystem compare (Ljava/io/File;Ljava/io/File;)I 2049 1 5388 0 0
ciMethod java/io/WinNTFileSystem hashCode (Ljava/io/File;)I 2105 1 5383 0 0
ciMethod java/io/FileSystem getLastModifiedTime (Ljava/io/File;)J 0 0 1 0 -1
ciMethod java/io/FileSystem getLength (Ljava/io/File;)J 0 0 1 0 -1
ciMethod java/io/FileSystem compare (Ljava/io/File;Ljava/io/File;)I 0 0 1 0 -1
ciMethod java/io/FileSystem hashCode (Ljava/io/File;)I 0 0 1 0 -1
ciMethod java/util/LinkedHashMap afterNodeAccess (Ljava/util/HashMap$Node;)V 33 1 100 0 -1
ciMethod java/util/LinkedHashMap <init> ()V 2049 1 15125 0 -1
ciMethod java/util/LinkedHashMap get (Ljava/lang/Object;)Ljava/lang/Object; 2049 1 5386 0 704
ciMethod java/util/LinkedHashMap keySet ()Ljava/util/Set; 2049 1 5378 0 224
ciMethodData java/lang/Object <init> ()V 2 116063 orig 264 8 177 7 100 0 0 0 0 128 4 156 24 0 0 0 0 32 1 0 0 0 0 0 0 0 0 0 0 0 0 0 0 0 0 0 0 0 0 0 0 0 0 0 0 0 0 0 0 0 0 0 0 0 0 0 0 0 0 0 0 0 0 0 0 0 0 0 0 0 0 0 0 0 0 0 0 0 0 0 0 77 68 79 32 101 120 116 114 97 32 100 97 116 97 32 108 111 99 107 0 0 0 0 0 0 0 0 0 0 0 0 0 0 0 0 0 0 0 0 0 0 0 0 0 0 0 0 0 0 0 0 0 0 0 0 0 0 0 0 0 0 0 0 0 0 0 0 0 0 0 0 0 0 0 0 0 0 0 0 0 0 0 0 0 0 0 0 0 0 0 0 0 0 0 0 0 0 0 0 0 0 0 0 0 0 0 0 0 0 0 0 0 0 0 0 0 0 0 0 0 0 0 0 0 0 0 0 0 0 0 0 0 0 0 0 0 0 2 0 0 249 26 14 0 1 0 0 0 0 0 0 0 0 0 0 0 2 0 0 0 0 0 3 0 1 0 0 0 0 0 0 0 255 255 255 255 0 0 0 0 0 0 0 0 data 0 oops 0
ciMethodData java/lang/String charAt (I)C 2 189063 orig 264 8 177 7 100 0 0 0 0 104 61 156 24 0 0 0 0 120 1 0 0 32 0 0 0 0 0 0 0 0 0 0 0 0 0 0 0 0 0 0 0 0 0 0 0 0 0 0 0 0 0 0 0 0 0 0 0 0 0 0 0 0 0 0 0 0 0 0 0 0 0 0 0 0 0 0 0 0 0 0 0 77 68 79 32 101 120 116 114 97 32 100 97 116 97 32 108 111 99 107 0 0 0 0 0 0 0 0 0 0 0 0 0 0 0 0 0 0 0 0 0 0 0 0 0 0 0 0 0 0 0 0 0 0 0 0 0 0 0 0 0 0 0 0 0 0 0 0 0 0 0 0 0 0 0 0 0 0 0 0 0 0 0 0 0 0 0 0 0 0 0 0 0 0 0 0 0 0 0 0 0 0 0 0 0 0 0 0 0 0 0 0 0 0 0 0 0 0 0 0 0 0 0 0 0 0 0 0 0 0 0 0 0 0 0 0 0 0 2 0 0 57 4 23 0 1 0 0 0 0 0 0 0 0 0 0 0 2 0 0 0 0 0 0 0 0 0 0 0 80 0 0 0 255 255 255 255 7 0 1 0 0 0 0 0 data 10 0x10007 0x0 0x40 0x2e087 0xa0007 0x2e087 0x30 0x0 0x120002 0x0 oops 0
ciMethod java/util/Locale getLanguage ()Ljava/lang/String; 321 1 793 0 -1
ciMethod java/util/HashMap$TreeNode getTreeNode (ILjava/lang/Object;)Ljava/util/HashMap$TreeNode; 0 0 1 0 -1
ciMethodData java/lang/String hashCode ()I 2 45447 orig 264 8 177 7 100 0 0 0 0 176 79 156 24 0 0 0 0 152 1 0 0 32 0 0 0 0 0 0 0 0 0 0 0 0 0 0 0 0 0 0 0 0 0 0 0 0 0 0 0 0 0 0 0 0 0 0 0 0 0 0 0 0 0 0 0 0 0 0 0 0 0 0 0 0 0 0 0 0 0 0 0 77 68 79 32 101 120 116 114 97 32 100 97 116 97 32 108 111 99 107 0 0 0 0 0 0 0 0 0 0 0 0 0 0 0 0 0 0 0 0 0 0 0 0 0 0 0 0 0 0 0 0 0 0 0 0 0 0 0 0 0 0 0 0 0 1 0 0 0 0 0 0 0 0 0 0 0 0 0 0 0 0 0 0 0 0 0 0 0 0 0 0 0 0 0 0 0 0 0 0 1 0 0 0 0 0 0 0 0 0 0 0 0 0 0 0 0 0 0 0 0 0 0 0 0 0 0 0 0 0 0 0 0 0 0 0 0 0 16 0 0 193 73 0 0 57 12 5 0 237 3 0 0 164 101 0 0 2 0 0 0 1 0 11 0 2 0 0 0 120 0 0 0 255 255 255 255 7 0 6 0 0 0 0 0 data 15 0x60007 0x4d4 0x78 0x464 0xee007 0x2 0x58 0x463 0x1e0007 0x463 0x38 0xa17d 0x2d0003 0xa17d 0xffffffffffffffe0 oops 0
ciMethod java/util/HashSet <init> (Ljava/util/Collection;)V 921 1 1675 0 -1
ciMethod java/util/HashSet iterator ()Ljava/util/Iterator; 1833 1 3349 0 -1
ciMethodData java/lang/String length ()I 2 21212 orig 264 8 177 7 100 0 0 0 0 24 60 156 24 0 0 0 0 32 1 0 0 0 0 0 0 0 0 0 0 0 0 0 0 0 0 0 0 0 0 0 0 0 0 0 0 0 0 0 0 0 0 0 0 0 0 0 0 0 0 0 0 0 0 0 0 0 0 0 0 0 0 0 0 0 0 0 0 0 0 0 0 77 68 79 32 101 120 116 114 97 32 100 97 116 97 32 108 111 99 107 0 0 0 0 0 0 0 0 0 0 0 0 0 0 0 0 0 0 0 0 0 0 0 0 0 0 0 0 0 0 0 0 0 0 0 0 0 0 0 0 0 0 0 0 0 0 0 0 0 0 0 0 0 0 0 0 0 0 0 0 0 0 0 0 0 0 0 0 0 0 0 0 0 0 0 0 0 0 0 0 0 0 0 0 0 0 0 0 0 0 0 0 0 0 0 0 0 0 0 0 0 0 0 0 0 0 0 0 0 0 0 0 0 0 0 0 0 0 2 0 0 225 134 2 0 1 0 0 0 0 0 0 0 0 0 0 0 2 0 0 0 0 0 3 0 1 0 0 0 0 0 0 0 255 255 255 255 0 0 0 0 0 0 0 0 data 0 oops 0
ciMethodData java/lang/String indexOf (II)I 2 42247 orig 264 8 177 7 100 0 0 0 0 48 81 156 24 0 0 0 0 16 2 0 0 88 0 0 0 0 0 0 0 0 0 0 0 0 0 0 0 0 0 0 0 0 0 0 0 0 0 0 0 0 0 0 0 0 0 0 0 0 0 0 0 0 0 0 0 0 0 0 0 0 0 0 0 0 0 0 0 0 0 0 0 77 68 79 32 101 120 116 114 97 32 100 97 116 97 32 108 111 99 107 0 0 0 0 0 0 0 0 0 0 0 0 0 0 0 0 0 0 0 0 0 0 0 0 0 0 0 0 0 0 0 0 0 0 0 0 0 0 0 0 0 0 0 0 0 0 0 0 0 0 0 0 0 0 0 0 0 0 0 0 0 0 0 0 0 0 0 0 0 0 0 0 0 0 0 0 0 0 0 0 0 0 0 0 0 0 0 0 0 0 0 0 0 0 0 0 0 0 0 0 0 0 0 0 0 0 0 0 0 0 0 0 0 0 0 0 0 0 36 0 0 41 21 0 0 57 8 4 0 0 0 0 0 0 0 0 0 2 0 0 0 1 0 15 0 2 0 0 0 224 0 0 0 255 255 255 255 7 0 7 0 0 0 0 0 data 28 0x70007 0x2a5 0x38 0x0 0xc0003 0x0 0x38 0x110007 0x263 0x20 0x42 0x190007 0x0 0x78 0x263 0x280007 0x1dd 0x58 0x817d 0x310007 0x80f7 0x20 0x86 0x3a0003 0x80f7 0xffffffffffffffc0 0x420002 0x0 oops 0
ciMethodData java/lang/System getSecurityManager ()Ljava/lang/SecurityManager; 2 81721 orig 264 8 177 7 100 0 0 0 0 232 148 157 24 0 0 0 0 24 1 0 0 0 0 0 0 0 0 0 0 0 0 0 0 0 0 0 0 0 0 0 0 0 0 0 0 0 0 0 0 0 0 0 0 0 0 0 0 0 0 0 0 0 0 0 0 0 0 0 0 0 0 0 0 0 0 0 0 0 0 0 0 77 68 79 32 101 120 116 114 97 32 100 97 116 97 32 108 111 99 107 0 0 0 0 0 0 0 0 0 0 0 0 0 0 0 0 0 0 0 0 0 0 0 0 0 0 0 0 0 0 0 0 0 0 0 0 0 0 0 0 0 0 0 0 0 0 0 0 0 0 0 0 0 0 0 0 0 0 0 0 0 0 0 0 0 0 0 0 0 0 0 0 0 0 0 0 0 0 0 0 0 0 0 0 0 0 0 0 0 0 0 0 0 0 0 0 0 0 0 0 0 0 0 0 0 0 0 0 0 0 0 0 0 0 0 0 0 9 1 0 0 129 241 9 0 1 0 0 0 0 0 0 0 0 0 0 0 2 0 0 0 0 0 3 0 1 0 0 0 0 0 0 0 255 255 255 255 0 0 0 0 0 0 0 0 data 0 oops 0
ciMethodData java/lang/String indexOf (I)I 2 4769 orig 264 8 177 7 100 0 0 0 0 72 80 156 24 0 0 0 0 128 1 0 0 0 0 0 0 0 0 0 0 0 0 0 0 0 0 0 0 0 0 0 0 0 0 0 0 0 0 0 0 0 0 0 0 0 0 0 0 0 0 0 0 0 0 0 0 0 0 0 0 0 0 0 0 0 0 0 0 0 0 0 0 77 68 79 32 101 120 116 114 97 32 100 97 116 97 32 108 111 99 107 0 0 0 0 0 0 0 0 0 0 0 0 0 0 0 0 0 0 0 0 0 0 0 0 0 0 0 0 0 0 0 0 0 0 0 0 0 0 0 0 0 0 0 0 0 0 0 0 0 0 0 0 0 0 0 0 0 0 0 0 0 0 0 0 0 0 0 0 0 0 0 0 0 0 0 0 0 0 0 0 0 0 0 0 0 0 0 0 0 0 0 0 0 0 0 0 0 0 0 0 0 0 0 0 0 0 0 0 0 0 0 0 0 0 0 0 0 150 1 0 0 89 136 0 0 1 0 0 0 0 0 0 0 0 0 0 0 2 0 0 0 0 0 3 0 2 0 0 0 48 0 0 0 255 255 255 255 5 0 3 0 0 0 0 0 data 6 0x30005 0x0 0x344b1d0 0x110b 0x0 0x0 oops 1 2 java/lang/String
ciMethod java/util/HashMap$EntryIterator next ()Ljava/util/Map$Entry; 3233 1 5542 0 0
ciMethod java/util/HashMap$EntryIterator next ()Ljava/lang/Object; 3233 1 5542 0 448
ciMethod java/util/HashMap$HashIterator hasNext ()Z 2049 1 5376 0 64
ciMethod java/util/HashMap$HashIterator nextNode ()Ljava/util/HashMap$Node; 3121 5841 5529 0 448
ciMethodData java/util/HashMap hash (Ljava/lang/Object;)I 2 35615 orig 264 8 177 7 100 0 0 0 0 0 95 170 24 0 0 0 0 176 1 0 0 32 0 0 0 0 0 0 0 0 0 0 0 0 0 0 0 0 0 0 0 0 0 0 0 0 0 0 0 0 0 0 0 0 0 0 0 0 0 0 0 0 0 0 0 0 0 0 0 0 0 0 0 0 0 0 0 0 0 0 0 77 68 79 32 101 120 116 114 97 32 100 97 116 97 32 108 111 99 107 0 0 0 0 0 0 0 0 0 0 0 0 0 0 0 0 0 0 0 0 0 0 0 0 0 0 0 0 0 0 0 0 0 0 0 0 0 0 0 0 0 0 0 0 0 0 0 0 0 0 0 0 0 0 0 0 0 0 0 0 0 0 0 0 0 0 0 0 0 0 0 0 0 0 0 0 0 0 0 0 0 0 0 0 0 0 0 0 0 0 0 0 0 0 0 0 0 0 0 0 0 0 0 0 0 0 0 0 0 0 0 0 0 0 0 0 0 131 1 0 0 225 76 4 0 1 0 0 0 0 0 0 0 0 0 0 0 2 0 0 0 0 0 6 0 2 0 0 0 104 0 0 0 255 255 255 255 7 0 1 0 0 0 0 0 data 13 0x10007 0x899c 0x38 0x0 0x50003 0x0 0x48 0x90005 0xfa4 0x344b1d0 0x28f7 0x193510a0 0x5101 oops 2 9 java/lang/String 11 java/io/File
ciMethodData java/util/HashMap getNode (ILjava/lang/Object;)Ljava/util/HashMap$Node; 2 6610 orig 264 8 177 7 100 0 0 0 0 176 104 170 24 0 0 0 0 8 4 0 0 112 2 0 0 0 0 0 0 0 0 0 0 0 0 0 0 0 0 0 0 0 0 0 0 0 0 0 0 0 0 0 0 0 0 0 0 0 0 0 0 0 0 0 0 0 0 0 0 0 0 0 0 0 0 0 0 0 0 0 0 77 68 79 32 101 120 116 114 97 32 100 97 116 97 32 108 111 99 107 0 0 0 0 0 0 0 0 0 0 0 0 0 0 0 0 0 0 0 0 0 0 0 0 0 0 0 0 0 0 0 0 0 0 0 0 0 0 0 0 0 0 0 0 0 0 0 0 0 0 0 0 0 0 0 0 0 0 0 0 0 0 0 0 0 0 0 0 0 0 0 0 0 0 0 0 0 0 0 0 1 0 0 0 0 0 0 0 0 0 0 0 0 0 0 0 0 0 0 0 0 0 0 0 0 0 0 0 0 0 0 0 0 0 0 0 0 8 1 0 0 81 198 0 0 225 13 0 0 202 24 0 0 188 1 0 0 2 0 0 0 1 0 37 0 2 0 0 0 176 2 0 0 255 255 255 255 7 0 6 0 0 0 0 0 data 86 0x60007 0xbb 0x2b0 0x180f 0xe0007 0x0 0x290 0x180f 0x1c0007 0x736 0x270 0x10d9 0x250007 0x67a 0xb0 0xa5f 0x310007 0x58b 0x90 0x4d4 0x350007 0x0 0x70 0x4d4 0x3b0005 0x345 0x1acb2900 0x30 0x344b1d0 0x15f 0x3e0007 0x9d 0x20 0x437 0x4c0007 0x409 0x1a0 0x30e 0x510004 0xfffffffffffffcf2 0x0 0x0 0x0 0x0 0x540007 0x30e 0x80 0x0 0x590004 0x0 0x0 0x0 0x0 0x0 0x5e0005 0x0 0x0 0x0 0x0 0x0 0x680007 0x1b8 0xb0 0x1cd 0x740007 0xb5 0x90 0x118 0x780007 0x0 0x70 0x118 0x7e0005 0xff 0x1acb2900 0x18 0x193510a0 0x1 0x81e007 0x5 0x20 0x114 0x8f0007 0x77 0xffffffffffffff50 0x146 oops 4 26 java/util/jar/Attributes$Name 28 java/lang/String 74 java/util/jar/Attributes$Name 76 java/io/File
ciMethodData java/util/AbstractCollection <init> ()V 2 26865 orig 264 8 177 7 100 0 0 0 0 104 95 168 24 0 0 0 0 48 1 0 0 0 0 0 0 0 0 0 0 0 0 0 0 0 0 0 0 0 0 0 0 0 0 0 0 0 0 0 0 0 0 0 0 0 0 0 0 0 0 0 0 0 0 0 0 0 0 0 0 0 0 0 0 0 0 0 0 0 0 0 0 77 68 79 32 101 120 116 114 97 32 100 97 116 97 32 108 111 99 107 0 0 0 0 0 0 0 0 0 0 0 0 0 0 0 0 0 0 0 0 0 0 0 0 0 0 0 0 0 0 0 0 0 0 0 0 0 0 0 0 0 0 0 0 0 0 0 0 0 0 0 0 0 0 0 0 0 0 0 0 0 0 0 0 0 0 0 0 0 0 0 0 0 0 0 0 0 0 0 0 0 0 0 0 0 0 0 0 0 0 0 0 0 0 0 0 0 0 0 0 0 0 0 0 0 0 0 0 0 0 0 0 0 0 0 0 0 7 1 0 0 73 63 3 0 1 0 0 0 0 0 0 0 0 0 0 0 2 0 0 0 0 0 3 0 2 0 0 0 16 0 0 0 255 255 255 255 2 0 1 0 0 0 0 0 data 2 0x10002 0x67e9 oops 0
ciMethodData java/util/AbstractSet <init> ()V 2 25214 orig 264 8 177 7 100 0 0 0 0 224 122 169 24 0 0 0 0 48 1 0 0 0 0 0 0 0 0 0 0 0 0 0 0 0 0 0 0 0 0 0 0 0 0 0 0 0 0 0 0 0 0 0 0 0 0 0 0 0 0 0 0 0 0 0 0 0 0 0 0 0 0 0 0 0 0 0 0 0 0 0 0 77 68 79 32 101 120 116 114 97 32 100 97 116 97 32 108 111 99 107 0 0 0 0 0 0 0 0 0 0 0 0 0 0 0 0 0 0 0 0 0 0 0 0 0 0 0 0 0 0 0 0 0 0 0 0 0 0 0 0 0 0 0 0 0 0 0 0 0 0 0 0 0 0 0 0 0 0 0 0 0 0 0 0 0 0 0 0 0 0 0 0 0 0 0 0 0 0 0 0 0 0 0 0 0 0 0 0 0 0 0 0 0 0 0 0 0 0 0 0 0 0 0 0 0 0 0 0 0 0 0 0 0 0 0 0 0 152 0 0 0 49 15 3 0 1 0 0 0 0 0 0 0 0 0 0 0 2 0 0 0 0 0 3 0 2 0 0 0 16 0 0 0 255 255 255 255 2 0 1 0 0 0 0 0 data 2 0x10002 0x61e6 oops 0
ciMethod java/util/LinkedHashMap$LinkedHashIterator <init> (Ljava/util/LinkedHashMap;)V 2049 1 5520 0 0
ciMethod java/util/LinkedHashMap$LinkedHashIterator hasNext ()Z 2073 1 5383 0 64
ciMethod java/util/LinkedHashMap$LinkedHashIterator nextNode ()Ljava/util/LinkedHashMap$Entry; 2049 1 5377 0 160
ciMethodData java/io/File isInvalid ()Z 2 5422 orig 264 8 177 7 100 0 0 0 0 136 53 164 24 0 0 0 0 8 2 0 0 112 0 0 0 0 0 0 0 0 0 0 0 0 0 0 0 0 0 0 0 0 0 0 0 0 0 0 0 0 0 0 0 0 0 0 0 0 0 0 0 0 0 0 0 0 0 0 0 0 0 0 0 0 0 0 0 0 0 0 0 77 68 79 32 101 120 116 114 97 32 100 97 116 97 32 108 111 99 107 0 0 0 0 0 0 0 0 0 0 0 0 0 0 0 0 0 0 0 0 0 0 0 0 0 0 0 0 0 0 0 0 0 0 0 0 0 0 0 0 0 0 0 0 0 0 0 0 0 0 0 0 0 0 0 0 0 0 0 0 0 0 0 0 0 0 0 0 0 0 0 0 0 0 0 0 0 0 0 0 0 0 0 0 0 17 0 0 0 0 0 0 0 0 0 0 0 0 0 0 0 1 0 0 0 0 0 0 0 0 0 0 0 0 0 0 0 0 1 0 0 113 161 0 0 1 0 0 0 0 0 0 0 0 0 0 0 2 0 0 0 0 0 12 0 2 0 0 0 192 0 0 0 255 255 255 255 7 0 4 0 0 0 0 0 data 24 0x40007 0xe49 0x88 0x5e5 0xd0005 0x1 0x344b1d0 0x5e4 0x0 0x0 0x100007 0x0 0x38 0x5e5 0x160003 0x5e5 0x18 0x260007 0x142e 0x38 0x0 0x2a0003 0x0 0x18 oops 1 6 java/lang/String
ciMethodData java/util/HashMap$HashIterator hasNext ()Z 2 5376 orig 264 8 177 7 100 0 0 0 0 40 125 187 24 0 0 0 0 88 1 0 0 0 0 0 0 0 0 0 0 0 0 0 0 0 0 0 0 0 0 0 0 0 0 0 0 0 0 0 0 0 0 0 0 0 0 0 0 0 0 0 0 0 0 0 0 0 0 0 0 0 0 0 0 0 0 0 0 0 0 0 0 77 68 79 32 101 120 116 114 97 32 100 97 116 97 32 108 111 99 107 0 0 0 0 0 0 0 0 0 0 0 0 0 0 0 0 0 0 0 0 0 0 0 0 0 0 0 0 0 0 0 0 0 0 0 0 0 0 0 0 0 0 0 0 0 0 0 0 0 0 0 0 0 0 0 0 0 0 0 0 0 0 0 0 0 0 0 0 0 0 0 0 0 0 0 0 0 0 0 0 0 0 0 0 0 0 0 0 0 0 0 0 0 0 0 0 0 0 0 0 0 0 0 0 0 0 0 0 0 0 0 0 0 0 0 0 0 0 1 0 0 1 160 0 0 1 0 0 0 0 0 0 0 0 0 0 0 2 0 0 0 0 0 6 0 2 0 0 0 56 0 0 0 255 255 255 255 7 0 4 0 0 0 0 0 data 7 0x40007 0x4e6 0x38 0xf1a 0x80003 0xf1a 0x18 oops 0
ciMethodData java/util/LinkedHashMap get (Ljava/lang/Object;)Ljava/lang/Object; 2 5386 orig 264 8 177 7 100 0 0 0 0 232 241 177 24 0 0 0 0 0 2 0 0 64 0 0 0 0 0 0 0 0 0 0 0 0 0 0 0 0 0 0 0 0 0 0 0 0 0 0 0 0 0 0 0 0 0 0 0 0 0 0 0 0 0 0 0 0 0 0 0 0 0 0 0 0 0 0 0 0 0 0 0 77 68 79 32 101 120 116 114 97 32 100 97 116 97 32 108 111 99 107 0 0 0 0 0 0 0 0 0 0 0 0 0 0 0 0 0 0 0 0 0 0 0 0 0 0 0 0 0 0 0 0 0 0 0 0 0 0 0 0 0 0 0 0 0 0 0 0 0 0 0 0 0 0 0 0 0 0 0 0 0 0 0 0 0 0 0 0 0 0 0 0 0 0 0 0 0 0 0 0 0 0 0 0 0 0 0 0 0 0 0 0 0 0 0 0 0 0 0 0 0 0 0 0 0 0 0 0 0 0 0 0 0 0 0 0 0 0 1 0 0 81 160 0 0 1 0 0 0 0 0 0 0 0 0 0 0 2 0 0 0 0 0 12 0 2 0 0 0 176 0 0 0 255 255 255 255 2 0 2 0 0 0 0 0 data 22 0x20002 0x140a 0x60005 0x0 0x1af85b10 0x13ff 0x1ace8120 0xb 0xb0007 0x12a7 0x20 0x163 0x140007 0x12a7 0x50 0x0 0x190005 0x0 0x0 0x0 0x0 0x0 oops 2 4 java/util/LinkedHashMap 6 java/io/ExpiringCache$1
ciMethodData java/util/HashMap$HashIterator nextNode ()Ljava/util/HashMap$Node; 2 11514 orig 264 8 177 7 100 0 0 0 0 40 126 187 24 0 0 0 0 8 2 0 0 128 0 0 0 0 0 0 0 0 0 0 0 0 0 0 0 0 0 0 0 0 0 0 0 0 0 0 0 0 0 0 0 0 0 0 0 0 0 0 0 0 0 0 0 0 0 0 0 0 0 0 0 0 0 0 0 0 0 0 0 77 68 79 32 101 120 116 114 97 32 100 97 116 97 32 108 111 99 107 0 0 0 0 0 0 0 0 0 0 0 0 0 0 0 0 0 0 0 0 0 0 0 0 0 0 0 0 0 0 0 0 0 0 0 0 0 0 0 0 0 0 0 0 0 0 0 0 0 0 0 0 0 0 0 0 0 0 0 0 0 0 0 0 0 0 0 0 0 0 0 0 0 0 0 0 0 0 0 0 0 0 0 0 0 0 0 0 0 0 0 0 0 0 0 0 0 0 0 0 0 0 0 0 0 0 0 0 0 0 0 0 0 0 0 0 0 218 2 0 0 153 160 0 0 1 81 1 0 0 0 0 0 0 0 0 0 2 0 0 0 1 0 17 0 2 0 0 0 224 0 0 0 255 255 255 255 7 0 16 0 0 0 0 0 data 28 0x100007 0x1413 0x30 0x0 0x170002 0x0 0x1c0007 0x1413 0x30 0x0 0x230002 0x0 0x350007 0x251 0x80 0x11c2 0x410007 0x0 0x60 0x11c2 0x4a0007 0x675 0x40 0x2a26 0x5f0007 0x1ed9 0xffffffffffffffe0 0xb4d oops 0
ciMethod io/vertx/core/logging/Logger warn (Ljava/lang/Object;)V 0 0 1 0 -1
ciMethod io/vertx/core/logging/Logger trace (Ljava/lang/Object;)V 0 0 5 0 0
ciMethod io/vertx/core/spi/logging/LogDelegate trace (Ljava/lang/Object;)V 0 0 1 0 -1
ciMethod io/vertx/core/impl/launcher/commands/Watcher addFileToWatchedList (Ljava/io/File;)V 73 145 9 0 -1
ciMethod io/vertx/core/impl/launcher/commands/Watcher changesHaveOccurred ()Z 913 57369 1674 0 -1
ciMethod io/vertx/core/impl/launcher/commands/Watcher match (Ljava/io/File;)Z 1 1 5 0 0
ciMethod java/util/LinkedHashMap$LinkedKeySet <init> (Ljava/util/LinkedHashMap;)V 2049 1 5378 0 0
ciMethod java/util/LinkedHashMap$LinkedKeySet iterator ()Ljava/util/Iterator; 3073 1 5508 0 224
ciMethod java/util/LinkedHashMap$LinkedKeyIterator <init> (Ljava/util/LinkedHashMap;)V 3073 1 5508 0 0
ciMethod java/util/LinkedHashMap$LinkedKeyIterator next ()Ljava/lang/Object; 2049 1 5380 0 160
ciMethod io/vertx/core/impl/launcher/commands/ExecUtils isWindows ()Z 97 1 12 0 -1
ciMethod io/vertx/core/impl/launcher/commands/Watcher$FileInfo <init> (JJ)V 145 1 22 0 -1
ciMethod io/vertx/core/impl/launcher/commands/Watcher$FileInfo <init> (JJLio/vertx/core/impl/launcher/commands/Watcher$1;)V 145 1 22 0 -1
ciMethodData io/vertx/core/impl/launcher/commands/Watcher changesHaveOccurred ()Z 2 105479 orig 264 8 177 7 100 0 0 0 0 200 177 227 24 0 0 0 0 224 15 0 0 104 2 0 0 0 0 0 0 0 0 0 0 0 0 0 0 0 0 0 0 0 0 0 0 0 0 0 0 0 0 0 0 0 0 0 0 0 0 0 0 0 0 0 0 0 0 0 0 0 0 0 0 0 0 0 0 0 0 0 0 77 68 79 32 101 120 116 114 97 32 100 97 116 97 32 108 111 99 107 0 0 0 0 0 0 0 0 0 0 0 0 0 0 0 0 0 0 0 0 0 0 0 0 0 0 0 0 0 0 0 0 0 0 0 0 0 0 0 0 0 0 0 0 0 1 0 0 0 0 0 0 0 0 0 0 0 0 0 0 0 0 0 0 0 0 0 0 0 0 0 0 0 0 0 0 0 0 0 0 0 0 0 0 0 0 0 0 0 0 0 0 0 0 0 0 0 0 0 0 0 0 0 0 0 0 0 0 0 0 0 0 0 0 0 0 0 0 28 0 0 193 48 0 0 33 0 12 0 147 3 0 0 57 225 0 0 2 0 0 0 4 0 114 0 2 0 0 0 152 14 0 0 255 255 255 255 2 0 10 0 0 0 0 0 data 467 0xa0002 0x618 0xd0005 0x0 0x1af859b0 0x618 0x0 0x0 0x120005 0x0 0x1af85a60 0x3cf1 0x0 0x0 0x170007 0x617 0xdb8 0x36da 0x1b0005 0x0 0x1af85a60 0x36da 0x0 0x0 0x200004 0x0 0x193510a0 0x36da 0x0 0x0 0x280002 0x36da 0x2e0005 0x0 0x193510a0 0x36da 0x0 0x0 0x310007 0x0 0x168 0x36d9 0x350005 0x0 0x193510a0 0x36d9 0x0 0x0 0x380007 0x0 0x68 0x36d9 0x3c0005 0x0 0x193510a0 0x36d9 0x0 0x0 0x3f0003 0x36d9 0x18 0x4a0007 0x36d9 0x30 0x0 0x530002 0x0 0x670007 0x36d9 0x68 0x6db3 0x770005 0x0 0x1af85b10 0x6db3 0x0 0x0 0x800003 0x6db3 0xffffffffffffffb0 0x830003 0x36d9 0x48 0x8a0005 0x0 0x0 0x0 0x0 0x0 0x950005 0x0 0x1af85b10 0x36d9 0x0 0x0 0x9a0004 0x0 0x1af85bc0 0x36d9 0x0 0x0 0xa50002 0x36d9 0xa80005 0x0 0x1af85bc0 0x36d9 0x0 0x0 0xab0005 0x0 0x1af85c70 0x36d9 0x0 0x0 0xb40005 0x0 0x1af85d20 0xa48d 0x0 0x0 0xb90007 0x36d9 0x6b0 0x6db4 0xbe0005 0x0 0x1af85d20 0x6db4 0x0 0x0 0xc30004 0x0 0x1af85dd0 0x6db4 0x0 0x0 0xca0005 0x0 0x1af85dd0 0x6db4 0x0 0x0 0xcf0004 0x0 0x193510a0 0x6db4 0x0 0x0 0xd60005 0x0 0x1af85dd0 0x6db4 0x0 0x0 0xdb0004 0x0 0x1af85e80 0x6db4 0x0 0x0 0xe40005 0x0 0x1af85b10 0x6db4 0x0 0x0 0xe90104 0x0 0x193510a0 0x6db3 0x0 0x0 0xf00007 0x6db3 0x268 0x1 0xf70005 0x0 0x1af85bc0 0x1 0x0 0x0 0xff0005 0x0 0x1af85bc0 0x1 0x0 0x0 0x1040007 0x1 0x80 0x0 0x10c0005 0x0 0x0 0x0 0x0 0x0 0x1170005 0x0 0x0 0x0 0x0 0x0 0x1240002 0x1 0x1290005 0x1 0x0 0x0 0x0 0x0 0x12e0005 0x1 0x0 0x0 0x0 0x0 0x1330005 0x1 0x0 0x0 0x0 0x0 0x1360005 0x1 0x0 0x0 0x0 0x0 0x1390005 0x0 0x1af85f30 0x1 0x0 0x0 0x13f0005 0x0 0x1af84770 0x1 0x0 0x0 0x1420007 0x0 0x2c8 0x1 0x1470003 0x1 0x2a8 0x14c0005 0x0 0x193510a0 0x6db3 0x0 0x0 0x1550007 0x3 0x70 0x6db0 0x15a0005 0x0 0x193510a0 0x6db0 0x0 0x0 0x1630007 0x6db0 0x210 0x0 0x1700005 0x0 0x193510a0 0x3 0x0 0x0 0x1750005 0x0 0x193510a0 0x3 0x0 0x0 0x1790002 0x3 0x17c0005 0x0 0x1af85bc0 0x3 0x0 0x0 0x1890002 0x3 0x18e0005 0x3 0x0 0x0 0x0 0x0 0x1930005 0x3 0x0 0x0 0x0 0x0 0x1980005 0x3 0x0 0x0 0x0 0x0 0x19b0005 0x3 0x0 0x0 0x0 0x0 0x19e0005 0x0 0x1af85f30 0x3 0x0 0x0 0x1a40005 0x0 0x1af84770 0x3 0x0 0x0 0x1a70007 0x0 0x20 0x3 0x1ac0003 0x6db4 0xfffffffffffff938 0x1b10005 0x0 0x1af85b10 0x36d9 0x0 0x0 0x1b60005 0x0 0x1af85fe0 0x36d9 0x0 0x0 0x1bf0005 0x0 0x1af86090 0xa48e 0x0 0x0 0x1c40007 0x36d9 0x308 0x6db5 0x1c90005 0x0 0x1af86090 0x6db5 0x0 0x0 0x1ce0004 0x0 0x193510a0 0x6db5 0x0 0x0 0x1d70005 0x0 0x1af85bc0 0x6db5 0x0 0x0 0x1dc0007 0x6db5 0x240 0x1 0x1e90005 0x0 0x193510a0 0x1 0x0 0x0 0x1ee0005 0x0 0x193510a0 0x1 0x0 0x0 0x1f20002 0x1 0x1f50005 0x0 0x1af85bc0 0x1 0x0 0x0 0x1fd0005 0x0 0x193510a0 0x1 0x0 0x0 0x2000007 0x1 0x30 0x0 0x2060002 0x0 0x2100002 0x1 0x2150005 0x1 0x0 0x0 0x0 0x0 0x21a0005 0x1 0x0 0x0 0x0 0x0 0x21d0005 0x1 0x0 0x0 0x0 0x0 0x2200005 0x0 0x1af85f30 0x1 0x0 0x0 0x2260005 0x0 0x1af84770 0x1 0x0 0x0 0x2290007 0x0 0x20 0x1 0x22e0003 0x6db6 0xfffffffffffffce0 0x2310003 0x36d9 0xfffffffffffff230 0x2340002 0x617 0x2390007 0x615 0x20 0x2 0x2490007 0x612 0x40 0x5 0x2570007 0x4 0x20 0x1 oops 44 4 java/util/HashSet 10 java/util/HashMap$KeyIterator 20 java/util/HashMap$KeyIterator 26 java/io/File 34 java/io/File 44 java/io/File 54 java/io/File 73 java/util/LinkedHashMap 91 java/util/LinkedHashMap 97 java/util/HashMap 105 java/util/HashMap 111 java/util/HashMap$EntrySet 117 java/util/HashMap$EntryIterator 127 java/util/HashMap$EntryIterator 133 java/util/HashMap$Node 139 java/util/HashMap$Node 145 java/io/File 151 java/util/HashMap$Node 157 io/vertx/core/impl/launcher/commands/Watcher$FileInfo 163 java/util/LinkedHashMap 169 java/io/File 179 java/util/HashMap 185 java/util/HashMap 233 io/vertx/core/logging/Logger 239 io/vertx/core/impl/launcher/commands/Watcher 252 java/io/File 262 java/io/File 272 java/io/File 278 java/io/File 286 java/util/HashMap 318 io/vertx/core/logging/Logger 324 io/vertx/core/impl/launcher/commands/Watcher 337 java/util/LinkedHashMap 343 java/util/LinkedHashMap$LinkedKeySet 349 java/util/LinkedHashMap$LinkedKeyIterator 359 java/util/LinkedHashMap$LinkedKeyIterator 365 java/io/File 371 java/util/HashMap 381 java/io/File 387 java/io/File 395 java/util/HashMap 401 java/io/File 433 io/vertx/core/logging/Logger 439 io/vertx/core/impl/launcher/commands/Watcher
ciMethod io/vertx/core/impl/launcher/commands/FileSelector matchPath (Ljava/lang/String;Ljava/lang/String;Z)Z 41 1 5 0 -1
ciMethodData java/util/LinkedHashMap$LinkedHashIterator hasNext ()Z 2 5383 orig 264 8 177 7 100 0 0 0 0 96 183 196 24 0 0 0 0 88 1 0 0 0 0 0 0 0 0 0 0 0 0 0 0 0 0 0 0 0 0 0 0 0 0 0 0 0 0 0 0 0 0 0 0 0 0 0 0 0 0 0 0 0 0 0 0 0 0 0 0 0 0 0 0 0 0 0 0 0 0 0 0 77 68 79 32 101 120 116 114 97 32 100 97 116 97 32 108 111 99 107 0 0 0 0 0 0 0 0 0 0 0 0 0 0 0 0 0 0 0 0 0 0 0 0 0 0 0 0 0 0 0 0 0 0 0 0 0 0 0 0 0 0 0 0 0 0 0 0 0 0 0 0 0 0 0 0 0 0 0 0 0 0 0 0 0 0 0 0 0 0 0 0 0 0 0 0 0 0 0 0 0 0 0 0 0 0 0 0 0 0 0 0 0 0 0 0 0 0 0 0 0 0 0 0 0 0 0 0 0 0 0 0 0 0 0 0 0 3 1 0 0 33 160 0 0 1 0 0 0 0 0 0 0 0 0 0 0 2 0 0 0 0 0 6 0 2 0 0 0 56 0 0 0 255 255 255 255 7 0 4 0 0 0 0 0 data 7 0x40007 0x6ac 0x38 0xd58 0x80003 0xd58 0x18 oops 0
ciMethodData java/util/HashMap$EntryIterator next ()Ljava/lang/Object; 2 5542 orig 264 8 177 7 100 0 0 0 0 208 119 187 24 0 0 0 0 120 1 0 0 0 0 0 0 0 0 0 0 0 0 0 0 0 0 0 0 0 0 0 0 0 0 0 0 0 0 0 0 0 0 0 0 0 0 0 0 0 0 0 0 0 0 0 0 0 0 0 0 0 0 0 0 0 0 0 0 0 0 0 0 77 68 79 32 101 120 116 114 97 32 100 97 116 97 32 108 111 99 107 0 0 0 0 0 0 0 0 0 0 0 0 0 0 0 0 0 0 0 0 0 0 0 0 0 0 0 0 0 0 0 0 0 0 0 0 0 0 0 0 0 0 0 0 0 0 0 0 0 0 0 0 0 0 0 0 0 0 0 0 0 0 0 0 0 0 0 0 0 0 0 0 0 0 0 0 0 0 0 0 0 0 0 0 0 0 0 0 0 0 0 0 0 0 0 0 0 0 0 0 0 0 0 0 0 0 0 0 0 0 0 0 0 0 0 0 0 148 1 0 0 145 160 0 0 1 0 0 0 0 0 0 0 0 0 0 0 2 0 0 0 0 0 3 0 2 0 0 0 48 0 0 0 255 255 255 255 5 0 1 0 0 0 0 0 data 6 0x10005 0x0 0x1af85d20 0x1412 0x0 0x0 oops 1 2 java/util/HashMap$EntryIterator
ciMethodData java/util/HashMap$EntryIterator next ()Ljava/util/Map$Entry; 2 5542 orig 264 8 177 7 100 0 0 0 0 56 119 187 24 0 0 0 0 120 1 0 0 0 0 0 0 0 0 0 0 0 0 0 0 0 0 0 0 0 0 0 0 0 0 0 0 0 0 0 0 0 0 0 0 0 0 0 0 0 0 0 0 0 0 0 0 0 0 0 0 0 0 0 0 0 0 0 0 0 0 0 0 77 68 79 32 101 120 116 114 97 32 100 97 116 97 32 108 111 99 107 0 0 0 0 0 0 0 0 0 0 0 0 0 0 0 0 0 0 0 0 0 0 0 0 0 0 0 0 0 0 0 0 0 0 0 0 0 0 0 0 0 0 0 0 0 0 0 0 0 0 0 0 0 0 0 0 0 0 0 0 0 0 0 0 0 0 0 0 0 0 0 0 0 0 0 0 0 0 0 0 0 0 0 0 0 0 0 0 0 0 0 0 0 0 0 0 0 0 0 0 0 0 0 0 0 0 0 0 0 0 0 0 0 0 0 0 0 148 1 0 0 145 160 0 0 1 0 0 0 0 0 0 0 0 0 0 0 2 0 0 0 0 0 3 0 2 0 0 0 48 0 0 0 255 255 255 255 5 0 1 0 0 0 0 0 data 6 0x10005 0x0 0x1af85d20 0x1412 0x0 0x0 oops 1 2 java/util/HashMap$EntryIterator
ciMethodData java/io/File hashCode ()I 2 5383 orig 264 8 177 7 100 0 0 0 0 160 96 164 24 0 0 0 0 120 1 0 0 0 0 0 0 0 0 0 0 0 0 0 0 0 0 0 0 0 0 0 0 0 0 0 0 0 0 0 0 0 0 0 0 0 0 0 0 0 0 0 0 0 0 0 0 0 0 0 0 0 0 0 0 0 0 0 0 0 0 0 0 77 68 79 32 101 120 116 114 97 32 100 97 116 97 32 108 111 99 107 0 0 0 0 0 0 0 0 0 0 0 0 0 0 0 0 0 0 0 0 0 0 0 0 0 0 0 0 0 0 0 0 0 0 0 0 0 0 0 0 0 0 0 0 0 0 0 0 0 0 0 0 0 0 0 0 0 0 0 0 0 0 0 0 0 0 0 0 0 0 0 0 0 0 0 0 0 0 0 0 0 0 0 0 0 0 0 0 0 0 0 0 0 0 0 0 0 0 0 0 0 0 0 0 0 0 0 0 0 0 0 0 0 0 0 0 0 7 1 0 0 1 160 0 0 1 0 0 0 0 0 0 0 0 0 0 0 2 0 0 0 0 0 3 0 2 0 0 0 48 0 0 0 255 255 255 255 5 0 4 0 0 0 0 0 data 6 0x40005 0x0 0x1aceafb0 0x1400 0x0 0x0 oops 1 2 java/io/WinNTFileSystem
ciMethodData java/io/WinNTFileSystem hashCode (Ljava/io/File;)I 2 5383 orig 264 8 177 7 100 0 0 0 0 184 167 177 24 0 0 0 0 224 1 0 0 0 0 0 0 0 0 0 0 0 0 0 0 0 0 0 0 0 0 0 0 0 0 0 0 0 0 0 0 0 0 0 0 0 0 0 0 0 0 0 0 0 0 0 0 0 0 0 0 0 0 0 0 0 0 0 0 0 0 0 0 77 68 79 32 101 120 116 114 97 32 100 97 116 97 32 108 111 99 107 0 0 0 0 0 0 0 0 0 0 0 0 0 0 0 0 0 0 0 0 0 0 0 0 0 0 0 0 0 0 0 0 0 0 0 0 0 0 0 0 0 0 0 0 0 0 0 0 0 0 0 0 0 0 0 0 0 0 0 0 0 0 0 0 0 0 0 0 0 0 0 0 0 0 0 0 0 0 0 0 0 0 0 0 0 0 0 0 0 0 0 0 0 0 0 0 0 0 0 0 0 0 0 0 0 0 0 0 0 0 0 0 0 0 0 0 0 7 1 0 0 1 160 0 0 1 0 0 0 0 0 0 0 0 0 0 0 2 0 0 0 0 0 3 0 2 0 0 0 144 0 0 0 255 255 255 255 5 0 1 0 0 0 0 0 data 18 0x10005 0x0 0x193510a0 0x1400 0x0 0x0 0x70005 0x0 0x344b1d0 0x1400 0x0 0x0 0xa0005 0x0 0x344b1d0 0x1400 0x0 0x0 oops 3 2 java/io/File 8 java/lang/String 14 java/lang/String
ciMethodData java/util/LinkedHashMap$LinkedHashIterator nextNode ()Ljava/util/LinkedHashMap$Entry; 2 5377 orig 264 8 177 7 100 0 0 0 0 48 184 196 24 0 0 0 0 128 1 0 0 32 0 0 0 0 0 0 0 0 0 0 0 0 0 0 0 0 0 0 0 0 0 0 0 0 0 0 0 0 0 0 0 0 0 0 0 0 0 0 0 0 0 0 0 0 0 0 0 0 0 0 0 0 0 0 0 0 0 0 0 77 68 79 32 101 120 116 114 97 32 100 97 116 97 32 108 111 99 107 0 0 0 0 0 0 0 0 0 0 0 0 0 0 0 0 0 0 0 0 0 0 0 0 0 0 0 0 0 0 0 0 0 0 0 0 0 0 0 0 0 0 0 0 0 0 0 0 0 0 0 0 0 0 0 0 0 0 0 0 0 0 0 0 0 0 0 0 0 0 0 0 0 0 0 0 0 0 0 0 0 0 0 0 0 0 0 0 0 0 0 0 0 0 0 0 0 0 0 0 0 0 0 0 0 0 0 0 0 0 0 0 0 0 0 0 0 0 1 0 0 9 160 0 0 1 0 0 0 0 0 0 0 0 0 0 0 2 0 0 0 0 0 7 0 2 0 0 0 96 0 0 0 255 255 255 255 7 0 16 0 0 0 0 0 data 12 0x100007 0x1401 0x30 0x0 0x170002 0x0 0x1c0007 0x1401 0x30 0x0 0x230002 0x0 oops 0
ciMethodData java/lang/String$CaseInsensitiveComparator compare (Ljava/lang/String;Ljava/lang/String;)I 2 61265 orig 264 8 177 7 100 0 0 0 0 216 31 167 24 0 0 0 0 0 3 0 0 144 1 0 0 0 0 0 0 0 0 0 0 0 0 0 0 0 0 0 0 0 0 0 0 0 0 0 0 0 0 0 0 0 0 0 0 0 0 0 0 0 0 0 0 0 0 0 0 0 0 0 0 0 0 0 0 0 0 0 0 77 68 79 32 101 120 116 114 97 32 100 97 116 97 32 108 111 99 107 0 0 0 0 0 0 0 0 0 0 0 0 0 0 0 0 0 0 0 0 0 0 0 0 0 0 0 0 0 0 0 0 0 0 0 0 0 0 0 0 0 0 0 0 0 0 0 0 0 0 0 0 0 0 0 0 0 0 0 0 0 0 0 0 0 0 0 0 0 0 0 0 0 0 0 0 0 0 0 0 0 0 0 0 0 0 0 0 0 0 0 0 0 0 0 0 0 0 0 0 0 0 0 0 0 0 0 0 0 0 0 0 0 0 0 0 0 26 36 0 0 145 17 0 0 185 89 6 0 0 0 0 0 0 0 0 0 2 0 0 0 1 0 29 0 2 0 0 0 168 1 0 0 255 255 255 255 5 0 1 0 0 0 0 0 data 53 0x10005 0x7 0x344b1d0 0x22b 0x0 0x0 0x60005 0x7 0x344b1d0 0x22b 0x0 0x0 0xe0002 0x232 0x1a0007 0x232 0x138 0xcb36 0x200005 0x30b 0x344b1d0 0xc82b 0x0 0x0 0x280005 0x30b 0x344b1d0 0xc82b 0x0 0x0 0x310007 0xcb36 0xa0 0x0 0x360002 0x0 0x3d0002 0x0 0x460007 0x0 0x60 0x0 0x4b0002 0x0 0x520002 0x0 0x5b0007 0x0 0x20 0x0 0x670003 0xcb36 0xfffffffffffffee0 oops 4 2 java/lang/String 8 java/lang/String 20 java/lang/String 26 java/lang/String
ciMethodData java/util/HashMap containsKey (Ljava/lang/Object;)Z 2 5382 orig 264 8 177 7 100 0 0 0 0 80 105 170 24 0 0 0 0 200 1 0 0 64 0 0 0 0 0 0 0 0 0 0 0 0 0 0 0 0 0 0 0 0 0 0 0 0 0 0 0 0 0 0 0 0 0 0 0 0 0 0 0 0 0 0 0 0 0 0 0 0 0 0 0 0 0 0 0 0 0 0 0 77 68 79 32 101 120 116 114 97 32 100 97 116 97 32 108 111 99 107 0 0 0 0 0 0 0 0 0 0 0 0 0 0 0 0 0 0 0 0 0 0 0 0 0 0 0 0 0 0 0 0 0 0 0 0 0 0 0 0 0 0 0 0 0 0 0 0 0 0 0 0 0 0 0 0 0 0 0 0 0 0 0 0 0 0 0 0 0 0 0 0 0 0 0 0 0 0 0 0 1 0 0 0 0 0 0 0 0 0 0 0 0 0 0 0 0 0 0 0 0 0 0 0 0 0 0 0 0 0 0 0 0 0 0 0 0 3 1 0 0 25 160 0 0 1 0 0 0 3 20 0 0 0 0 0 0 2 0 0 0 0 0 10 0 2 0 0 0 120 0 0 0 255 255 255 255 2 0 2 0 0 0 0 0 data 15 0x20002 0x1403 0x60005 0x0 0x1af85bc0 0x1403 0x0 0x0 0x9e007 0x1 0x38 0x1403 0xd0003 0x1403 0x18 oops 1 4 java/util/HashMap
ciMethodData java/io/File equals (Ljava/lang/Object;)Z 2 5388 orig 264 8 177 7 100 0 0 0 0 8 96 164 24 0 0 0 0 88 2 0 0 0 0 0 0 0 0 0 0 0 0 0 0 0 0 0 0 0 0 0 0 0 0 0 0 0 0 0 0 0 0 0 0 0 0 0 0 0 0 0 0 0 0 0 0 0 0 0 0 0 0 0 0 0 0 0 0 0 0 0 0 77 68 79 32 101 120 116 114 97 32 100 97 116 97 32 108 111 99 107 0 0 0 0 0 0 0 0 0 0 0 0 0 0 0 0 0 0 0 0 0 0 0 0 0 0 0 0 0 0 0 0 0 0 0 0 0 0 0 0 0 0 0 0 0 0 0 0 0 0 0 0 0 0 0 0 0 0 0 0 0 0 0 0 0 0 0 0 0 0 0 0 0 0 0 0 0 0 0 0 0 0 0 0 0 17 0 0 0 0 0 0 0 0 0 0 0 0 0 0 0 0 0 0 0 0 0 0 0 0 0 0 0 0 0 0 0 0 1 0 0 97 160 0 0 1 0 0 0 0 0 0 0 0 0 0 0 2 0 0 0 0 0 11 0 2 0 0 0 8 1 0 0 255 255 255 255 7 0 1 0 0 0 0 0 data 33 0x10007 0x0 0x108 0x140c 0x50004 0x0 0x193510a0 0x140c 0x0 0x0 0x80007 0x0 0xb8 0x140c 0xd0004 0x0 0x193510a0 0x140c 0x0 0x0 0x100005 0x0 0x193510a0 0x140c 0x0 0x0 0x130007 0x0 0x38 0x140c 0x170003 0x140c 0x18 oops 3 6 java/io/File 16 java/io/File 22 java/io/File
ciMethodData java/io/File compareTo (Ljava/io/File;)I 2 5388 orig 264 8 177 7 100 0 0 0 0 88 95 164 24 0 0 0 0 128 1 0 0 0 0 0 0 0 0 0 0 0 0 0 0 0 0 0 0 0 0 0 0 0 0 0 0 0 0 0 0 0 0 0 0 0 0 0 0 0 0 0 0 0 0 0 0 0 0 0 0 0 0 0 0 0 0 0 0 0 0 0 0 77 68 79 32 101 120 116 114 97 32 100 97 116 97 32 108 111 99 107 0 0 0 0 0 0 0 0 0 0 0 0 0 0 0 0 0 0 0 0 0 0 0 0 0 0 0 0 0 0 0 0 0 0 0 0 0 0 0 0 0 0 0 0 0 0 0 0 0 0 0 0 0 0 0 0 0 0 0 0 0 0 0 0 0 0 0 0 0 0 0 0 0 0 0 0 0 0 0 0 0 0 0 0 0 17 0 0 0 0 0 0 0 0 0 0 0 0 0 0 0 0 0 0 0 0 0 0 0 0 0 0 0 0 0 0 0 0 1 0 0 97 160 0 0 1 0 0 0 0 0 0 0 0 0 0 0 2 0 0 0 0 0 3 0 2 0 0 0 48 0 0 0 255 255 255 255 5 0 5 0 0 0 0 0 data 6 0x50005 0x0 0x1aceafb0 0x140c 0x0 0x0 oops 1 2 java/io/WinNTFileSystem
ciMethodData java/io/WinNTFileSystem compare (Ljava/io/File;Ljava/io/File;)I 2 5388 orig 264 8 177 7 100 0 0 0 0 24 167 177 24 0 0 0 0 232 1 0 0 0 0 0 0 0 0 0 0 0 0 0 0 0 0 0 0 0 0 0 0 0 0 0 0 0 0 0 0 0 0 0 0 0 0 0 0 0 0 0 0 0 0 0 0 0 0 0 0 0 0 0 0 0 0 0 0 0 0 0 0 77 68 79 32 101 120 116 114 97 32 100 97 116 97 32 108 111 99 107 0 0 0 0 0 0 0 0 0 0 0 0 0 0 0 0 0 0 0 0 0 0 0 0 0 0 0 0 0 0 0 0 0 0 0 0 0 0 0 0 0 0 0 0 0 0 0 0 0 0 0 0 0 0 0 0 0 0 0 0 0 0 0 0 0 0 0 0 0 0 0 0 0 0 0 0 0 0 0 0 0 0 0 0 0 0 0 0 0 0 0 0 0 0 0 0 0 0 0 0 0 0 0 0 0 0 0 0 0 0 0 0 0 0 0 0 0 0 1 0 0 97 160 0 0 1 0 0 0 0 0 0 0 0 0 0 0 2 0 0 0 0 0 0 0 0 0 0 0 144 0 0 0 255 255 255 255 5 0 1 0 0 0 0 0 data 18 0x10005 0x0 0x193510a0 0x140c 0x0 0x0 0x50005 0x0 0x193510a0 0x140c 0x0 0x0 0x80005 0x0 0x344b1d0 0x140c 0x0 0x0 oops 3 2 java/io/File 8 java/io/File 14 java/lang/String
ciMethodData java/lang/String compareToIgnoreCase (Ljava/lang/String;)I 2 5388 orig 264 8 177 7 100 0 0 0 0 152 74 156 24 0 0 0 0 128 1 0 0 0 0 0 0 0 0 0 0 0 0 0 0 0 0 0 0 0 0 0 0 0 0 0 0 0 0 0 0 0 0 0 0 0 0 0 0 0 0 0 0 0 0 0 0 0 0 0 0 0 0 0 0 0 0 0 0 0 0 0 0 77 68 79 32 101 120 116 114 97 32 100 97 116 97 32 108 111 99 107 0 0 0 0 0 0 0 0 0 0 0 0 0 0 0 0 0 0 0 0 0 0 0 0 0 0 0 0 0 0 0 0 0 0 0 0 0 0 0 0 0 0 0 0 0 0 0 0 0 0 0 0 0 0 0 0 0 0 0 0 0 0 0 0 0 0 0 0 0 0 0 0 0 0 0 0 0 0 0 0 0 0 0 0 0 0 0 0 0 0 0 0 0 0 0 0 0 0 0 0 0 0 0 0 0 0 0 0 0 0 0 0 0 0 0 0 0 0 1 0 0 97 160 0 0 1 0 0 0 0 0 0 0 0 0 0 0 2 0 0 0 0 0 0 0 0 0 0 0 48 0 0 0 255 255 255 255 5 0 5 0 0 0 0 0 data 6 0x50005 0x0 0x193997b0 0x140c 0x0 0x0 oops 1 2 java/lang/String$CaseInsensitiveComparator
ciMethodData java/lang/String$CaseInsensitiveComparator compare (Ljava/lang/Object;Ljava/lang/Object;)I 2 5388 orig 264 8 177 7 100 0 0 0 0 16 33 167 24 0 0 0 0 232 1 0 0 0 0 0 0 0 0 0 0 0 0 0 0 0 0 0 0 0 0 0 0 0 0 0 0 0 0 0 0 0 0 0 0 0 0 0 0 0 0 0 0 0 0 0 0 0 0 0 0 0 0 0 0 0 0 0 0 0 0 0 0 77 68 79 32 101 120 116 114 97 32 100 97 116 97 32 108 111 99 107 0 0 0 0 0 0 0 0 0 0 0 0 0 0 0 0 0 0 0 0 0 0 0 0 0 0 0 0 0 0 0 0 0 0 0 0 0 0 0 0 0 0 0 0 0 0 0 0 0 0 0 0 0 0 0 0 0 0 0 0 0 0 0 0 0 0 0 0 0 0 0 0 0 0 0 0 0 0 0 0 0 0 0 0 0 0 0 0 0 0 0 0 0 0 0 0 0 0 0 0 0 0 0 0 0 0 0 0 0 0 0 0 0 0 0 0 0 0 1 0 0 97 160 0 0 1 0 0 0 0 0 0 0 0 0 0 0 2 0 0 0 0 0 0 0 0 0 0 0 144 0 0 0 255 255 255 255 4 0 2 0 0 0 0 0 data 18 0x20004 0x0 0x0 0x0 0x0 0x0 0x60004 0x0 0x0 0x0 0x0 0x0 0x90005 0x0 0x193997b0 0x140c 0x0 0x0 oops 1 14 java/lang/String$CaseInsensitiveComparator
ciMethodData java/io/File lastModified ()J 2 30098 orig 264 8 177 7 100 0 0 0 0 8 74 164 24 0 0 0 0 40 2 0 0 144 0 0 0 0 0 0 0 0 0 0 0 0 0 0 0 0 0 0 0 0 0 0 0 0 0 0 0 0 0 0 0 0 0 0 0 0 0 0 0 0 0 0 0 0 0 0 0 0 0 0 0 0 0 0 0 0 0 0 0 77 68 79 32 101 120 116 114 97 32 100 97 116 97 32 108 111 99 107 0 0 0 0 0 0 0 0 0 0 0 0 0 0 0 0 0 0 0 0 0 0 0 0 0 0 0 0 0 0 0 0 0 0 0 0 0 0 0 0 0 0 0 0 0 0 0 0 0 0 0 0 0 0 0 0 0 0 0 0 0 0 0 0 0 0 0 0 0 0 0 0 0 0 0 0 0 0 0 0 0 0 0 0 0 0 0 0 0 0 0 0 0 0 0 0 0 0 0 0 0 0 0 0 0 0 0 0 0 0 0 0 0 0 0 0 0 0 1 0 0 145 164 3 0 1 0 0 0 0 0 0 0 0 0 0 0 2 0 0 0 0 0 8 0 2 0 0 0 224 0 0 0 255 255 255 255 2 0 0 0 0 0 0 0 data 28 0x2 0x7492 0x50007 0x7492 0x50 0x0 0xd0005 0x0 0x0 0x0 0x0 0x0 0x110005 0x1 0x193510a0 0x7491 0x0 0x0 0x140007 0x7492 0x20 0x0 0x1d0005 0x0 0x1aceafb0 0x7492 0x0 0x0 oops 2 14 java/io/File 24 java/io/WinNTFileSystem
ciMethodData java/io/File length ()J 2 30101 orig 264 8 177 7 100 0 0 0 0 192 74 164 24 0 0 0 0 40 2 0 0 144 0 0 0 0 0 0 0 0 0 0 0 0 0 0 0 0 0 0 0 0 0 0 0 0 0 0 0 0 0 0 0 0 0 0 0 0 0 0 0 0 0 0 0 0 0 0 0 0 0 0 0 0 0 0 0 0 0 0 0 77 68 79 32 101 120 116 114 97 32 100 97 116 97 32 108 111 99 107 0 0 0 0 0 0 0 0 0 0 0 0 0 0 0 0 0 0 0 0 0 0 0 0 0 0 0 0 0 0 0 0 0 0 0 0 0 0 0 0 0 0 0 0 0 0 0 0 0 0 0 0 0 0 0 0 0 0 0 0 0 0 0 0 0 0 0 0 0 0 0 0 0 0 0 0 0 0 0 0 0 0 0 0 0 0 0 0 0 0 0 0 0 0 0 0 0 0 0 0 0 0 0 0 0 0 0 0 0 0 0 0 0 0 0 0 0 0 1 0 0 169 164 3 0 1 0 0 0 0 0 0 0 0 0 0 0 2 0 0 0 0 0 8 0 2 0 0 0 224 0 0 0 255 255 255 255 2 0 0 0 0 0 0 0 data 28 0x2 0x7495 0x50007 0x7495 0x50 0x0 0xd0005 0x0 0x0 0x0 0x0 0x0 0x110005 0x1 0x193510a0 0x7494 0x0 0x0 0x140007 0x7495 0x20 0x0 0x1d0005 0x0 0x1aceafb0 0x7495 0x0 0x0 oops 2 14 java/io/File 24 java/io/WinNTFileSystem
ciMethodData java/util/LinkedHashMap$LinkedKeyIterator next ()Ljava/lang/Object; 2 5380 orig 264 8 177 7 100 0 0 0 0 32 185 233 24 0 0 0 0 168 1 0 0 0 0 0 0 0 0 0 0 0 0 0 0 0 0 0 0 0 0 0 0 0 0 0 0 0 0 0 0 0 0 0 0 0 0 0 0 0 0 0 0 0 0 0 0 0 0 0 0 0 0 0 0 0 0 0 0 0 0 0 0 77 68 79 32 101 120 116 114 97 32 100 97 116 97 32 108 111 99 107 0 0 0 0 0 0 0 0 0 0 0 0 0 0 0 0 0 0 0 0 0 0 0 0 0 0 0 0 0 0 0 0 0 0 0 0 0 0 0 0 0 0 0 0 0 0 0 0 0 0 0 0 0 0 0 0 0 0 0 0 0 0 0 0 0 0 0 0 0 0 0 0 0 0 0 0 0 0 0 0 0 0 0 0 0 0 0 0 0 0 0 0 0 0 0 0 0 0 0 0 0 0 0 0 0 0 0 0 0 0 0 0 0 0 0 0 0 0 1 0 0 33 160 0 0 1 0 0 0 0 0 0 0 0 0 0 0 2 0 0 0 0 0 3 0 2 0 0 0 96 0 0 0 255 255 255 255 5 0 1 0 0 0 0 0 data 12 0x10005 0x0 0x1af86090 0x1404 0x0 0x0 0x40005 0x0 0x1afd25f0 0x1404 0x0 0x0 oops 2 2 java/util/LinkedHashMap$LinkedKeyIterator 8 java/util/LinkedHashMap$Entry
ciMethodData java/util/LinkedHashMap$LinkedHashIterator <init> (Ljava/util/LinkedHashMap;)V 2 5520 orig 264 8 177 7 100 0 0 0 0 192 182 196 24 0 0 0 0 56 1 0 0 0 0 0 0 0 0 0 0 0 0 0 0 0 0 0 0 0 0 0 0 0 0 0 0 0 0 0 0 0 0 0 0 0 0 0 0 0 0 0 0 0 0 0 0 0 0 0 0 0 0 0 0 0 0 0 0 0 0 0 0 77 68 79 32 101 120 116 114 97 32 100 97 116 97 32 108 111 99 107 0 0 0 0 0 0 0 0 0 0 0 0 0 0 0 0 0 0 0 0 0 0 0 0 0 0 0 0 0 0 0 0 0 0 0 0 0 0 0 0 0 0 0 0 0 0 0 0 0 0 0 0 0 0 0 0 0 0 0 0 0 0 0 0 0 0 0 0 0 0 0 0 0 0 0 0 0 0 0 0 0 0 0 0 0 0 0 0 0 0 0 0 0 0 0 0 0 0 0 0 0 0 0 0 0 0 0 0 0 0 0 0 0 0 0 0 0 0 1 0 0 129 164 0 0 1 0 0 0 0 0 0 0 0 0 0 0 2 0 0 0 0 0 3 0 2 0 0 0 16 0 0 0 255 255 255 255 2 0 6 0 0 0 0 0 data 2 0x60002 0x1490 oops 0
ciMethodData java/util/LinkedHashMap keySet ()Ljava/util/Set; 2 5378 orig 264 8 177 7 100 0 0 0 0 136 244 177 24 0 0 0 0 104 1 0 0 0 0 0 0 0 0 0 0 0 0 0 0 0 0 0 0 0 0 0 0 0 0 0 0 0 0 0 0 0 0 0 0 0 0 0 0 0 0 0 0 0 0 0 0 0 0 0 0 0 0 0 0 0 0 0 0 0 0 0 0 77 68 79 32 101 120 116 114 97 32 100 97 116 97 32 108 111 99 107 0 0 0 0 0 0 0 0 0 0 0 0 0 0 0 0 0 0 0 0 0 0 0 0 0 0 0 0 0 0 0 0 0 0 0 0 0 0 0 0 0 0 0 0 0 0 0 0 0 0 0 0 0 0 0 0 0 0 0 0 0 0 0 0 0 0 0 0 0 0 0 0 0 0 0 0 0 0 0 0 0 0 0 0 0 0 0 0 0 0 0 0 0 0 0 0 0 0 0 0 0 0 0 0 0 0 0 0 0 0 0 0 0 0 0 0 0 0 1 0 0 17 160 0 0 1 0 0 0 0 0 0 0 0 0 0 0 2 0 0 0 0 0 6 0 2 0 0 0 72 0 0 0 255 255 255 255 7 0 6 0 0 0 0 0 data 9 0x60007 0x0 0x48 0x1402 0xf0002 0x1402 0x160003 0x1402 0x18 oops 0
ciMethodData java/util/LinkedHashMap$LinkedKeySet <init> (Ljava/util/LinkedHashMap;)V 2 5378 orig 264 8 177 7 100 0 0 0 0 176 174 233 24 0 0 0 0 56 1 0 0 0 0 0 0 0 0 0 0 0 0 0 0 0 0 0 0 0 0 0 0 0 0 0 0 0 0 0 0 0 0 0 0 0 0 0 0 0 0 0 0 0 0 0 0 0 0 0 0 0 0 0 0 0 0 0 0 0 0 0 0 77 68 79 32 101 120 116 114 97 32 100 97 116 97 32 108 111 99 107 0 0 0 0 0 0 0 0 0 0 0 0 0 0 0 0 0 0 0 0 0 0 0 0 0 0 0 0 0 0 0 0 0 0 0 0 0 0 0 0 0 0 0 0 0 0 0 0 0 0 0 0 0 0 0 0 0 0 0 0 0 0 0 0 0 0 0 0 0 0 0 0 0 0 0 0 0 0 0 0 0 0 0 0 0 0 0 0 0 0 0 0 0 0 0 0 0 0 0 0 0 0 0 0 0 0 0 0 0 0 0 0 0 0 0 0 0 0 1 0 0 17 160 0 0 1 0 0 0 0 0 0 0 0 0 0 0 2 0 0 0 0 0 3 0 2 0 0 0 16 0 0 0 255 255 255 255 2 0 6 0 0 0 0 0 data 2 0x60002 0x1402 oops 0
ciMethodData java/util/LinkedHashMap$LinkedKeySet iterator ()Ljava/util/Iterator; 2 5508 orig 264 8 177 7 100 0 0 0 0 128 176 233 24 0 0 0 0 48 1 0 0 0 0 0 0 0 0 0 0 0 0 0 0 0 0 0 0 0 0 0 0 0 0 0 0 0 0 0 0 0 0 0 0 0 0 0 0 0 0 0 0 0 0 0 0 0 0 0 0 0 0 0 0 0 0 0 0 0 0 0 0 77 68 79 32 101 120 116 114 97 32 100 97 116 97 32 108 111 99 107 0 0 0 0 0 0 0 0 0 0 0 0 0 0 0 0 0 0 0 0 0 0 0 0 0 0 0 0 0 0 0 0 0 0 0 0 0 0 0 0 0 0 0 0 0 0 0 0 0 0 0 0 0 0 0 0 0 0 0 0 0 0 0 0 0 0 0 0 0 0 0 0 0 0 0 0 0 0 0 0 0 0 0 0 0 0 0 0 0 0 0 0 0 0 0 0 0 0 0 0 0 0 0 0 0 0 0 0 0 0 0 0 0 0 0 0 0 128 1 0 0 33 160 0 0 1 0 0 0 0 0 0 0 0 0 0 0 2 0 0 0 0 0 3 0 2 0 0 0 16 0 0 0 255 255 255 255 2 0 8 0 0 0 0 0 data 2 0x80002 0x1404 oops 0
ciMethodData java/util/LinkedHashMap$LinkedKeyIterator <init> (Ljava/util/LinkedHashMap;)V 2 5508 orig 264 8 177 7 100 0 0 0 0 136 184 233 24 0 0 0 0 56 1 0 0 0 0 0 0 0 0 0 0 0 0 0 0 0 0 0 0 0 0 0 0 0 0 0 0 0 0 0 0 0 0 0 0 0 0 0 0 0 0 0 0 0 0 0 0 0 0 0 0 0 0 0 0 0 0 0 0 0 0 0 0 77 68 79 32 101 120 116 114 97 32 100 97 116 97 32 108 111 99 107 0 0 0 0 0 0 0 0 0 0 0 0 0 0 0 0 0 0 0 0 0 0 0 0 0 0 0 0 0 0 0 0 0 0 0 0 0 0 0 0 0 0 0 0 0 0 0 0 0 0 0 0 0 0 0 0 0 0 0 0 0 0 0 0 0 0 0 0 0 0 0 0 0 0 0 0 0 0 0 0 0 0 0 0 0 0 0 0 0 0 0 0 0 0 0 0 0 0 0 0 0 0 0 0 0 0 0 0 0 0 0 0 0 0 0 0 0 128 1 0 0 33 160 0 0 1 0 0 0 0 0 0 0 0 0 0 0 2 0 0 0 0 0 3 0 2 0 0 0 16 0 0 0 255 255 255 255 2 0 7 0 0 0 0 0 data 2 0x70002 0x1404 oops 0
instanceKlass java/lang/invoke/LambdaForm$MH
instanceKlass java/lang/invoke/LambdaForm$DMH
instanceKlass java/lang/invoke/LambdaForm$DMH
instanceKlass io/vertx/core/impl/launcher/commands/Watcher$$Lambda$37
instanceKlass java/lang/invoke/LambdaForm$DMH
instanceKlass io/vertx/core/impl/launcher/commands/Watcher$$Lambda$36
instanceKlass java/lang/invoke/LambdaForm$MH
instanceKlass java/lang/invoke/LambdaForm$DMH
instanceKlass java/lang/invoke/LambdaForm$DMH
instanceKlass io/vertx/core/impl/launcher/commands/Watcher$$Lambda$35
instanceKlass java/lang/invoke/LambdaForm$DMH
instanceKlass io/vertx/core/impl/launcher/commands/FileSelector
instanceKlass java/lang/ProcessImpl$2
instanceKlass java/lang/Process
instanceKlass java/lang/ProcessBuilder$Redirect
instanceKlass io/vertx/core/impl/launcher/commands/StartCommand$$Lambda$34
instanceKlass java/util/stream/FindOps$$Lambda$33
instanceKlass java/util/stream/FindOps$FindSink
instanceKlass java/util/stream/FindOps$$Lambda$32
instanceKlass java/lang/invoke/LambdaForm$DMH
instanceKlass java/util/Optional
instanceKlass java/util/stream/FindOps$FindOp
instanceKlass java/util/stream/FindOps
instanceKlass io/vertx/core/impl/launcher/commands/StartCommand$$Lambda$31
instanceKlass java/lang/invoke/LambdaForm$DMH
instanceKlass java/util/stream/ForEachOps$ForEachOp
instanceKlass java/util/stream/ForEachOps
instanceKlass io/vertx/core/impl/launcher/commands/StartCommand$$Lambda$30
instanceKlass io/vertx/core/impl/launcher/commands/StartCommand$$Lambda$29
instanceKlass io/vertx/core/impl/launcher/commands/StartCommand$$Lambda$28
instanceKlass java/lang/ProcessBuilder
instanceKlass io/vertx/core/impl/launcher/commands/RunCommand$$Lambda$27
instanceKlass io/vertx/core/impl/launcher/commands/Watcher$FileInfo
instanceKlass io/vertx/core/impl/launcher/commands/Watcher$$Lambda$26
instanceKlass java/util/Formattable
instanceKlass java/text/DateFormatSymbols
instanceKlass sun/util/calendar/CalendarUtils
instanceKlass sun/util/calendar/CalendarDate
instanceKlass sun/util/locale/provider/CalendarDataUtility$CalendarWeekParameterGetter
instanceKlass sun/util/locale/provider/CalendarDataUtility
instanceKlass java/util/Calendar$Builder
instanceKlass java/util/TimeZone$1
instanceKlass java/util/zip/CRC32
instanceKlass java/util/zip/Checksum
instanceKlass sun/util/calendar/ZoneInfoFile$ZoneOffsetTransitionRule
instanceKlass sun/util/calendar/ZoneInfoFile$1
instanceKlass sun/util/calendar/ZoneInfoFile
instanceKlass java/util/TimeZone
instanceKlass java/util/Calendar
instanceKlass java/util/Formatter$Conversion
instanceKlass java/util/Formatter$FixedString
instanceKlass java/util/Formatter$DateTime
instanceKlass java/util/Formatter$Flags
instanceKlass java/util/Formatter$FormatSpecifier
instanceKlass java/util/Formatter$FormatString
instanceKlass java/util/regex/ASCII
instanceKlass java/util/regex/Matcher
instanceKlass java/util/regex/MatchResult
instanceKlass java/util/Currency$CurrencyNameGetter
instanceKlass sun/util/locale/provider/LocaleServiceProviderPool$LocalizedObjectGetter
instanceKlass sun/util/locale/provider/LocaleServiceProviderPool
instanceKlass java/io/DataInput
instanceKlass java/util/Currency$1
instanceKlass java/util/Currency
instanceKlass java/util/concurrent/atomic/AtomicMarkableReference$Pair
instanceKlass java/util/concurrent/atomic/AtomicMarkableReference
instanceKlass sun/util/resources/LocaleData$1
instanceKlass sun/util/resources/LocaleData
instanceKlass sun/util/locale/provider/LocaleResources
instanceKlass java/util/Collections$UnmodifiableList$1
instanceKlass sun/util/locale/provider/SPILocaleProviderAdapter$1
instanceKlass sun/util/locale/LanguageTag
instanceKlass sun/util/locale/provider/JRELocaleProviderAdapter$1
instanceKlass sun/util/locale/provider/LocaleDataMetaInfo
instanceKlass sun/util/locale/provider/AvailableLanguageTags
instanceKlass sun/util/locale/provider/LocaleProviderAdapter$1
instanceKlass sun/util/locale/provider/ResourceBundleBasedAdapter
instanceKlass sun/util/locale/provider/LocaleProviderAdapter
instanceKlass java/util/spi/LocaleServiceProvider
instanceKlass java/text/DecimalFormatSymbols
instanceKlass java/util/Locale$1
instanceKlass java/util/regex/Pattern$TreeInfo
instanceKlass java/util/regex/Pattern$Node
instanceKlass java/util/regex/Pattern
instanceKlass java/util/Formatter
instanceKlass java/util/ResourceBundle$Control$1
instanceKlass java/util/ResourceBundle$CacheKeyReference
instanceKlass java/util/ResourceBundle$CacheKey
instanceKlass java/util/ResourceBundle$Control
instanceKlass java/util/ResourceBundle$RBClassLoader$1
instanceKlass java/util/spi/ResourceBundleControlProvider
instanceKlass java/util/ResourceBundle
instanceKlass sun/util/calendar/CalendarSystem
instanceKlass java/util/Date
instanceKlass sun/util/logging/LoggingSupport$2
instanceKlass java/util/logging/Formatter
instanceKlass java/util/logging/ErrorManager
instanceKlass java/util/logging/LogRecord
instanceKlass io/vertx/core/impl/launcher/commands/Watcher$$Lambda$25
instanceKlass java/lang/invoke/LambdaForm$DMH
instanceKlass java/util/HashMap$HashMapSpliterator
instanceKlass java/util/stream/Collectors$$Lambda$24
instanceKlass java/util/stream/Collectors$$Lambda$23
instanceKlass java/util/stream/Collectors$$Lambda$22
instanceKlass io/vertx/core/impl/launcher/commands/Watcher$$Lambda$21
instanceKlass io/vertx/core/impl/launcher/commands/ExecUtils
instanceKlass io/vertx/core/impl/launcher/commands/Watcher$$Lambda$20
instanceKlass io/vertx/core/impl/launcher/commands/RunCommand$$Lambda$19
instanceKlass io/vertx/core/impl/launcher/commands/RunCommand$$Lambda$18
instanceKlass java/lang/invoke/LambdaForm$DMH
instanceKlass io/vertx/core/impl/launcher/commands/Watcher
instanceKlass sun/nio/fs/BasicFileAttributesHolder
instanceKlass sun/nio/fs/WindowsDirectoryStream$WindowsDirectoryIterator
instanceKlass sun/nio/fs/WindowsFileAttributes
instanceKlass java/nio/file/attribute/DosFileAttributes
instanceKlass java/nio/file/attribute/BasicFileAttributes
instanceKlass sun/nio/fs/NativeBuffer$Deallocator
instanceKlass sun/nio/fs/NativeBuffer
instanceKlass sun/nio/fs/NativeBuffers
instanceKlass sun/nio/fs/WindowsNativeDispatcher$BackupResult
instanceKlass sun/nio/fs/WindowsNativeDispatcher$CompletionStatus
instanceKlass sun/nio/fs/WindowsNativeDispatcher$AclInformation
instanceKlass sun/nio/fs/WindowsNativeDispatcher$Account
instanceKlass sun/nio/fs/WindowsNativeDispatcher$DiskFreeSpace
instanceKlass sun/nio/fs/WindowsNativeDispatcher$VolumeInformation
instanceKlass sun/nio/fs/WindowsNativeDispatcher$FirstStream
instanceKlass sun/nio/fs/WindowsNativeDispatcher$FirstFile
instanceKlass sun/nio/fs/WindowsNativeDispatcher$1
instanceKlass sun/nio/fs/WindowsNativeDispatcher
instanceKlass sun/nio/fs/WindowsDirectoryStream
instanceKlass java/nio/file/DirectoryStream
instanceKlass java/nio/file/Files$AcceptAllFilter
instanceKlass java/nio/file/DirectoryStream$Filter
instanceKlass java/nio/file/Files
instanceKlass sun/nio/fs/AbstractPath
instanceKlass java/net/URI$Parser
instanceKlass java/net/URI
instanceKlass sun/nio/fs/Util
instanceKlass sun/nio/fs/WindowsPathParser$Result
instanceKlass sun/nio/fs/WindowsPathParser
instanceKlass java/nio/file/FileSystem
instanceKlass java/nio/file/spi/FileSystemProvider
instanceKlass sun/nio/fs/DefaultFileSystemProvider
instanceKlass java/nio/file/FileSystems$DefaultFileSystemHolder$1
instanceKlass java/nio/file/FileSystems$DefaultFileSystemHolder
instanceKlass java/nio/file/FileSystems
instanceKlass java/net/NetworkInterface$2
instanceKlass java/net/DefaultInterface
instanceKlass java/net/InterfaceAddress
instanceKlass java/net/Inet6Address$Inet6AddressHolder
instanceKlass java/net/InetAddress$2
instanceKlass sun/net/spi/nameservice/NameService
instanceKlass java/net/Inet6AddressImpl
instanceKlass java/net/InetAddressImpl
instanceKlass java/net/InetAddressImplFactory
instanceKlass java/net/InetAddress$Cache
instanceKlass java/net/InetAddress$InetAddressHolder
instanceKlass java/net/InetAddress$1
instanceKlass java/net/InetAddress
instanceKlass java/net/NetworkInterface$1
instanceKlass java/net/NetworkInterface
instanceKlass sun/security/provider/ByteArrayAccess
instanceKlass sun/security/provider/SeedGenerator$1
instanceKlass sun/security/provider/SeedGenerator
instanceKlass sun/security/provider/SecureRandom$SeederHolder
instanceKlass sun/security/jca/GetInstance$Instance
instanceKlass java/security/MessageDigestSpi
instanceKlass sun/security/jca/GetInstance
instanceKlass java/security/SecureRandomSpi
instanceKlass java/security/Provider$UString
instanceKlass java/security/Provider$Service
instanceKlass sun/security/provider/NativePRNG$NonBlocking
instanceKlass sun/security/provider/NativePRNG$Blocking
instanceKlass sun/security/provider/NativePRNG
instanceKlass sun/security/provider/SunEntries$1
instanceKlass sun/security/provider/SunEntries
instanceKlass sun/security/jca/ProviderConfig$2
instanceKlass java/security/Security$1
instanceKlass java/security/Security
instanceKlass sun/security/jca/ProviderList$2
instanceKlass sun/misc/FDBigInteger
instanceKlass sun/misc/FloatingDecimal$PreparedASCIIToBinaryBuffer
instanceKlass sun/misc/FloatingDecimal$ASCIIToBinaryConverter
instanceKlass sun/misc/FloatingDecimal$BinaryToASCIIBuffer
instanceKlass sun/misc/FloatingDecimal$ExceptionalBinaryToASCIIBuffer
instanceKlass sun/misc/FloatingDecimal$BinaryToASCIIConverter
instanceKlass sun/misc/FloatingDecimal
instanceKlass java/security/Provider$EngineDescription
instanceKlass java/security/Provider$ServiceKey
instanceKlass sun/security/jca/ProviderConfig
instanceKlass sun/security/jca/ProviderList
instanceKlass sun/security/jca/Providers
instanceKlass java/util/Random
instanceKlass java/util/UUID$Holder
instanceKlass java/util/UUID
instanceKlass io/vertx/core/cli/impl/DefaultCommandLine$$Lambda$17
instanceKlass io/vertx/core/cli/impl/DefaultCommandLine$$Lambda$16
instanceKlass io/vertx/core/cli/impl/DefaultCommandLine$$Lambda$15
instanceKlass io/vertx/core/cli/converters/StringConverter
instanceKlass io/vertx/core/cli/converters/ConstructorBasedConverter
instanceKlass io/vertx/core/cli/converters/Converter
instanceKlass io/vertx/core/cli/converters/Converters
instanceKlass java/util/logging/LogManager$5
instanceKlass java/util/logging/LoggingProxyImpl
instanceKlass sun/util/logging/LoggingProxy
instanceKlass sun/util/logging/LoggingSupport$1
instanceKlass sun/util/logging/LoggingSupport
instanceKlass sun/util/logging/PlatformLogger$LoggerProxy
instanceKlass sun/util/logging/PlatformLogger$1
instanceKlass sun/util/logging/PlatformLogger
instanceKlass java/util/Properties$LineReader
instanceKlass java/util/logging/LogManager$LoggerContext$1
instanceKlass java/util/logging/LogManager$3
instanceKlass java/util/logging/LogManager$2
instanceKlass java/lang/Shutdown$Lock
instanceKlass java/lang/Shutdown
instanceKlass java/lang/ApplicationShutdownHooks$1
instanceKlass java/lang/ApplicationShutdownHooks
instanceKlass java/util/logging/LogManager$LogNode
instanceKlass java/util/logging/LogManager$LoggerContext
instanceKlass java/util/logging/LogManager$1
instanceKlass java/util/logging/LogManager
instanceKlass java/util/concurrent/locks/AbstractQueuedSynchronizer$Node
instanceKlass java/util/concurrent/locks/AbstractOwnableSynchronizer
instanceKlass java/util/concurrent/CopyOnWriteArrayList
instanceKlass java/util/logging/Logger$LoggerBundle
instanceKlass java/util/logging/Level$KnownLevel
instanceKlass java/util/logging/Level
instanceKlass java/util/logging/Handler
instanceKlass java/util/logging/Logger
instanceKlass io/vertx/core/logging/JULLogDelegate
instanceKlass java/net/URLClassLoader$2
instanceKlass io/vertx/core/spi/logging/LogDelegate
instanceKlass io/vertx/core/logging/JULLogDelegateFactory
instanceKlass io/vertx/core/spi/logging/LogDelegateFactory
instanceKlass io/vertx/core/logging/LoggerFactory
instanceKlass io/vertx/core/cli/impl/DefaultParser$$Lambda$14
instanceKlass java/lang/invoke/LambdaForm$DMH
instanceKlass io/vertx/core/cli/impl/DefaultParser$$Lambda$13
instanceKlass java/lang/invoke/LambdaForm$DMH
instanceKlass io/vertx/core/cli/impl/DefaultParser$$Lambda$12
instanceKlass io/vertx/core/cli/impl/DefaultParser$$Lambda$11
instanceKlass java/lang/invoke/LambdaForm$DMH
instanceKlass java/util/TimSort
instanceKlass java/util/Arrays$LegacyMergeSort
instanceKlass io/vertx/core/cli/impl/DefaultParser$$Lambda$10
instanceKlass io/vertx/core/cli/impl/DefaultCommandLine
instanceKlass io/vertx/core/cli/CommandLine
instanceKlass io/vertx/core/cli/impl/DefaultParser
instanceKlass io/vertx/ext/unit/report/ReporterFactory
instanceKlass io/vertx/core/impl/launcher/VertxCommandLauncher$CommandRegistration
instanceKlass sun/reflect/ClassDefiner$1
instanceKlass sun/reflect/ClassDefiner
instanceKlass sun/reflect/MethodAccessorGenerator$1
instanceKlass sun/reflect/Label$PatchInfo
instanceKlass sun/reflect/Label
instanceKlass sun/reflect/UTF8
instanceKlass sun/reflect/ClassFileAssembler
instanceKlass sun/reflect/ByteVectorImpl
instanceKlass sun/reflect/ByteVector
instanceKlass sun/reflect/ByteVectorFactory
instanceKlass sun/reflect/AccessorGenerator
instanceKlass sun/reflect/ClassFileConstants
instanceKlass java/lang/annotation/Documented
instanceKlass java/lang/Deprecated
instanceKlass sun/reflect/generics/reflectiveObjects/LazyReflectiveObjectGenerator
instanceKlass java/lang/reflect/TypeVariable
instanceKlass sun/reflect/generics/tree/TypeVariableSignature
instanceKlass sun/reflect/generics/tree/ClassSignature
instanceKlass sun/reflect/generics/reflectiveObjects/ParameterizedTypeImpl
instanceKlass java/lang/reflect/ParameterizedType
instanceKlass sun/reflect/generics/tree/MethodTypeSignature
instanceKlass sun/reflect/generics/tree/Signature
instanceKlass sun/reflect/generics/tree/VoidDescriptor
instanceKlass sun/reflect/generics/tree/FormalTypeParameter
instanceKlass io/vertx/core/cli/annotations/DefaultValue
instanceKlass io/vertx/core/cli/annotations/ParsedAsList
instanceKlass io/vertx/core/cli/annotations/ConvertedBy
instanceKlass java/util/NavigableSet
instanceKlass java/util/SortedSet
instanceKlass io/vertx/core/cli/annotations/Argument
instanceKlass io/vertx/core/cli/annotations/Option
instanceKlass java/util/stream/Sink$ChainedReference
instanceKlass java/util/stream/ReduceOps$Box
instanceKlass java/util/stream/ReduceOps$AccumulatingSink
instanceKlass java/util/stream/TerminalSink
instanceKlass java/util/stream/Sink
instanceKlass java/util/stream/ReduceOps$ReduceOp
instanceKlass java/util/stream/TerminalOp
instanceKlass java/util/stream/ReduceOps
instanceKlass java/util/stream/Collectors$$Lambda$9
instanceKlass java/util/stream/Collectors$$Lambda$8
instanceKlass java/util/function/BinaryOperator
instanceKlass java/util/stream/Collectors$$Lambda$7
instanceKlass java/util/function/BiConsumer
instanceKlass java/util/stream/Collectors$$Lambda$6
instanceKlass java/lang/invoke/LambdaForm$DMH
instanceKlass java/util/stream/Collectors$CollectorImpl
instanceKlass java/util/stream/Collector
instanceKlass java/util/stream/Collectors
instanceKlass io/vertx/core/cli/impl/ReflectionUtils$$Lambda$5
instanceKlass java/util/function/Predicate
instanceKlass java/lang/invoke/LambdaForm$DMH
instanceKlass java/util/Spliterators$ArraySpliterator
instanceKlass java/util/Spliterator$OfDouble
instanceKlass java/util/Spliterator$OfLong
instanceKlass java/util/Spliterator$OfInt
instanceKlass java/util/Spliterator$OfPrimitive
instanceKlass java/util/Spliterators$EmptySpliterator
instanceKlass java/util/Spliterators
instanceKlass io/vertx/core/Handler
instanceKlass io/vertx/core/logging/Logger
instanceKlass io/vertx/core/cli/impl/ReflectionUtils
instanceKlass io/vertx/core/cli/annotations/Hidden
instanceKlass java/util/Collections$EmptyIterator
instanceKlass io/vertx/core/cli/annotations/Description
instanceKlass java/lang/annotation/Target
instanceKlass java/lang/reflect/WeakCache$Value
instanceKlass sun/misc/ProxyGenerator$ExceptionTableEntry
instanceKlass sun/misc/ProxyGenerator$PrimitiveTypeInfo
instanceKlass sun/misc/ProxyGenerator$FieldInfo
instanceKlass java/io/DataOutput
instanceKlass sun/misc/ProxyGenerator$ConstantPool$Entry
instanceKlass sun/misc/ProxyGenerator$MethodInfo
instanceKlass sun/misc/ProxyGenerator$ProxyMethod
instanceKlass sun/misc/ProxyGenerator$ConstantPool
instanceKlass sun/misc/ProxyGenerator
instanceKlass java/lang/reflect/WeakCache$Factory
instanceKlass java/util/function/Supplier
instanceKlass java/lang/reflect/Proxy$ProxyClassFactory
instanceKlass java/lang/reflect/Proxy$KeyFactory
instanceKlass java/util/function/BiFunction
instanceKlass java/lang/reflect/WeakCache
instanceKlass java/lang/reflect/Proxy
instanceKlass sun/reflect/annotation/AnnotationInvocationHandler
instanceKlass java/lang/reflect/InvocationHandler
instanceKlass sun/reflect/annotation/AnnotationParser$1
instanceKlass sun/reflect/annotation/ExceptionProxy
instanceKlass java/lang/annotation/Inherited
instanceKlass java/lang/annotation/Retention
instanceKlass sun/reflect/annotation/AnnotationType$1
instanceKlass java/lang/reflect/GenericArrayType
instanceKlass io/vertx/core/cli/annotations/Name
instanceKlass sun/reflect/generics/visitor/Reifier
instanceKlass sun/reflect/generics/visitor/TypeTreeVisitor
instanceKlass sun/reflect/generics/factory/CoreReflectionFactory
instanceKlass sun/reflect/generics/factory/GenericsFactory
instanceKlass sun/reflect/generics/scope/AbstractScope
instanceKlass sun/reflect/generics/scope/Scope
instanceKlass sun/reflect/generics/tree/ClassTypeSignature
instanceKlass sun/reflect/generics/tree/SimpleClassTypeSignature
instanceKlass sun/reflect/generics/tree/FieldTypeSignature
instanceKlass sun/reflect/generics/tree/BaseType
instanceKlass sun/reflect/generics/tree/TypeSignature
instanceKlass sun/reflect/generics/tree/ReturnType
instanceKlass sun/reflect/generics/tree/TypeArgument
instanceKlass sun/reflect/generics/tree/TypeTree
instanceKlass sun/reflect/generics/tree/Tree
instanceKlass sun/reflect/generics/parser/SignatureParser
instanceKlass sun/reflect/annotation/AnnotationParser
instanceKlass io/vertx/core/cli/annotations/Summary
instanceKlass io/vertx/core/cli/impl/DefaultCLI
instanceKlass io/vertx/core/cli/Argument
instanceKlass io/vertx/core/cli/CLI
instanceKlass io/vertx/core/cli/annotations/CLIConfigurator
instanceKlass io/vertx/core/impl/launcher/VertxCommandLauncher$$Lambda$4
instanceKlass java/lang/invoke/LambdaForm$DMH
instanceKlass io/vertx/core/impl/launcher/ServiceCommandFactoryLoader$$Lambda$3
instanceKlass java/lang/Class$4
instanceKlass java/util/EnumMap$1
instanceKlass java/util/stream/StreamOpFlag$MaskBuilder
instanceKlass java/util/stream/PipelineHelper
instanceKlass java/util/stream/Stream
instanceKlass java/util/stream/BaseStream
instanceKlass java/util/stream/StreamSupport
instanceKlass java/util/ArrayList$ArrayListSpliterator
instanceKlass java/util/Spliterator
instanceKlass java/util/Collections$1
instanceKlass java/lang/invoke/LambdaForm$MH
instanceKlass java/lang/invoke/LambdaForm$MH
instanceKlass java/lang/invoke/InnerClassLambdaMetafactory$1
instanceKlass io/vertx/core/cli/UsageMessageFormatter$$Lambda$2
instanceKlass java/lang/invoke/LambdaForm$DMH
instanceKlass io/vertx/core/cli/Option
instanceKlass io/vertx/core/spi/launcher/DefaultCommand
instanceKlass io/vertx/core/spi/launcher/Command
instanceKlass io/vertx/core/spi/launcher/DefaultCommandFactory
instanceKlass java/lang/invoke/LambdaForm$MH
instanceKlass io/vertx/core/ServiceHelper$$Lambda$1
instanceKlass java/lang/invoke/InfoFromMemberName
instanceKlass java/lang/invoke/MethodHandleInfo
instanceKlass sun/security/action/GetBooleanAction
instanceKlass sun/security/util/SecurityConstants
instanceKlass java/security/AccessController$1
instanceKlass java/lang/invoke/AbstractValidatingLambdaMetafactory
instanceKlass java/lang/invoke/LambdaForm$BMH
instanceKlass java/lang/invoke/LambdaForm$BMH
instanceKlass java/lang/invoke/LambdaForm$BMH
instanceKlass java/lang/invoke/LambdaForm$BMH
instanceKlass jdk/internal/org/objectweb/asm/FieldVisitor
